[2022-12-03 01:27:27,713] {taskinstance.py:1032} INFO - Dependencies all met for <TaskInstance: data_ingestion_gcs_dag.local_to_gcs_task manual__2022-12-03T01:26:30.239540+00:00 [queued]>
[2022-12-03 01:27:27,728] {taskinstance.py:1032} INFO - Dependencies all met for <TaskInstance: data_ingestion_gcs_dag.local_to_gcs_task manual__2022-12-03T01:26:30.239540+00:00 [queued]>
[2022-12-03 01:27:27,728] {taskinstance.py:1238} INFO - 
--------------------------------------------------------------------------------
[2022-12-03 01:27:27,728] {taskinstance.py:1239} INFO - Starting attempt 1 of 2
[2022-12-03 01:27:27,728] {taskinstance.py:1240} INFO - 
--------------------------------------------------------------------------------
[2022-12-03 01:27:27,743] {taskinstance.py:1259} INFO - Executing <Task(PythonOperator): local_to_gcs_task> on 2022-12-03 01:26:30.239540+00:00
[2022-12-03 01:27:27,752] {standard_task_runner.py:52} INFO - Started process 216 to run task
[2022-12-03 01:27:27,759] {standard_task_runner.py:76} INFO - Running: ['***', 'tasks', 'run', 'data_ingestion_gcs_dag', 'local_to_gcs_task', 'manual__2022-12-03T01:26:30.239540+00:00', '--job-id', '22', '--raw', '--subdir', 'DAGS_FOLDER/data_ingestion_gcs_dag.py', '--cfg-path', '/tmp/tmperh8kaf2', '--error-file', '/tmp/tmp73dqujgh']
[2022-12-03 01:27:27,760] {standard_task_runner.py:77} INFO - Job 22: Subtask local_to_gcs_task
[2022-12-03 01:27:27,902] {logging_mixin.py:109} INFO - Running <TaskInstance: data_ingestion_gcs_dag.local_to_gcs_task manual__2022-12-03T01:26:30.239540+00:00 [running]> on host c87e816ea86f
[2022-12-03 01:27:27,985] {taskinstance.py:1426} INFO - Exporting the following env vars:
AIRFLOW_CTX_DAG_OWNER=***
AIRFLOW_CTX_DAG_ID=data_ingestion_gcs_dag
AIRFLOW_CTX_TASK_ID=local_to_gcs_task
AIRFLOW_CTX_EXECUTION_DATE=2022-12-03T01:26:30.239540+00:00
AIRFLOW_CTX_DAG_RUN_ID=manual__2022-12-03T01:26:30.239540+00:00
[2022-12-03 01:27:28,151] {python.py:175} INFO - Done. Returned value was: None
[2022-12-03 01:27:28,174] {taskinstance.py:1277} INFO - Marking task as SUCCESS. dag_id=data_ingestion_gcs_dag, task_id=local_to_gcs_task, execution_date=20221203T012630, start_date=20221203T012727, end_date=20221203T012728
[2022-12-03 01:27:28,223] {local_task_job.py:154} INFO - Task exited with return code 0
[2022-12-03 01:27:28,289] {local_task_job.py:264} INFO - 1 downstream tasks scheduled from follow-on schedule check
