[2022-12-02 00:00:08,246] {taskinstance.py:1032} INFO - Dependencies all met for <TaskInstance: data_ingestion_gcs_dag.format_to_parquet_task scheduled__2022-12-01T00:00:00+00:00 [queued]>
[2022-12-02 00:00:08,292] {taskinstance.py:1032} INFO - Dependencies all met for <TaskInstance: data_ingestion_gcs_dag.format_to_parquet_task scheduled__2022-12-01T00:00:00+00:00 [queued]>
[2022-12-02 00:00:08,292] {taskinstance.py:1238} INFO - 
--------------------------------------------------------------------------------
[2022-12-02 00:00:08,293] {taskinstance.py:1239} INFO - Starting attempt 1 of 2
[2022-12-02 00:00:08,293] {taskinstance.py:1240} INFO - 
--------------------------------------------------------------------------------
[2022-12-02 00:00:08,320] {taskinstance.py:1259} INFO - Executing <Task(PythonOperator): format_to_parquet_task> on 2022-12-01 00:00:00+00:00
[2022-12-02 00:00:08,347] {standard_task_runner.py:52} INFO - Started process 3283 to run task
[2022-12-02 00:00:08,369] {standard_task_runner.py:76} INFO - Running: ['***', 'tasks', 'run', 'data_ingestion_gcs_dag', 'format_to_parquet_task', 'scheduled__2022-12-01T00:00:00+00:00', '--job-id', '122', '--raw', '--subdir', 'DAGS_FOLDER/data_ingestion_gcs_dag.py', '--cfg-path', '/tmp/tmp0bwq7vu6', '--error-file', '/tmp/tmpls28at_p']
[2022-12-02 00:00:08,385] {standard_task_runner.py:77} INFO - Job 122: Subtask format_to_parquet_task
[2022-12-02 00:00:08,604] {logging_mixin.py:109} INFO - Running <TaskInstance: data_ingestion_gcs_dag.format_to_parquet_task scheduled__2022-12-01T00:00:00+00:00 [running]> on host 50f7e45c3d13
[2022-12-02 00:00:08,848] {taskinstance.py:1426} INFO - Exporting the following env vars:
AIRFLOW_CTX_DAG_OWNER=***
AIRFLOW_CTX_DAG_ID=data_ingestion_gcs_dag
AIRFLOW_CTX_TASK_ID=format_to_parquet_task
AIRFLOW_CTX_EXECUTION_DATE=2022-12-01T00:00:00+00:00
AIRFLOW_CTX_DAG_RUN_ID=scheduled__2022-12-01T00:00:00+00:00
[2022-12-02 00:00:09,324] {python.py:175} INFO - Done. Returned value was: None
[2022-12-02 00:00:09,355] {taskinstance.py:1277} INFO - Marking task as SUCCESS. dag_id=data_ingestion_gcs_dag, task_id=format_to_parquet_task, execution_date=20221201T000000, start_date=20221202T000008, end_date=20221202T000009
[2022-12-02 00:00:09,469] {local_task_job.py:154} INFO - Task exited with return code 0
[2022-12-02 00:00:09,665] {local_task_job.py:264} INFO - 1 downstream tasks scheduled from follow-on schedule check
[2022-12-02 23:12:04,380] {taskinstance.py:1032} INFO - Dependencies all met for <TaskInstance: data_ingestion_gcs_dag.format_to_parquet_task scheduled__2022-12-01T00:00:00+00:00 [queued]>
[2022-12-02 23:12:04,397] {taskinstance.py:1032} INFO - Dependencies all met for <TaskInstance: data_ingestion_gcs_dag.format_to_parquet_task scheduled__2022-12-01T00:00:00+00:00 [queued]>
[2022-12-02 23:12:04,397] {taskinstance.py:1238} INFO - 
--------------------------------------------------------------------------------
[2022-12-02 23:12:04,397] {taskinstance.py:1239} INFO - Starting attempt 1 of 2
[2022-12-02 23:12:04,398] {taskinstance.py:1240} INFO - 
--------------------------------------------------------------------------------
[2022-12-02 23:12:04,413] {taskinstance.py:1259} INFO - Executing <Task(PythonOperator): format_to_parquet_task> on 2022-12-01 00:00:00+00:00
[2022-12-02 23:12:04,422] {standard_task_runner.py:52} INFO - Started process 151 to run task
[2022-12-02 23:12:04,430] {standard_task_runner.py:76} INFO - Running: ['***', 'tasks', 'run', 'data_ingestion_gcs_dag', 'format_to_parquet_task', 'scheduled__2022-12-01T00:00:00+00:00', '--job-id', '4', '--raw', '--subdir', 'DAGS_FOLDER/data_ingestion_gcs_dag.py', '--cfg-path', '/tmp/tmp27s8dgkc', '--error-file', '/tmp/tmpeg0z4jfn']
[2022-12-02 23:12:04,432] {standard_task_runner.py:77} INFO - Job 4: Subtask format_to_parquet_task
[2022-12-02 23:12:04,529] {logging_mixin.py:109} INFO - Running <TaskInstance: data_ingestion_gcs_dag.format_to_parquet_task scheduled__2022-12-01T00:00:00+00:00 [running]> on host c87e816ea86f
[2022-12-02 23:12:04,602] {taskinstance.py:1426} INFO - Exporting the following env vars:
AIRFLOW_CTX_DAG_OWNER=***
AIRFLOW_CTX_DAG_ID=data_ingestion_gcs_dag
AIRFLOW_CTX_TASK_ID=format_to_parquet_task
AIRFLOW_CTX_EXECUTION_DATE=2022-12-01T00:00:00+00:00
AIRFLOW_CTX_DAG_RUN_ID=scheduled__2022-12-01T00:00:00+00:00
[2022-12-02 23:12:04,779] {python.py:175} INFO - Done. Returned value was: None
[2022-12-02 23:12:04,795] {taskinstance.py:1277} INFO - Marking task as SUCCESS. dag_id=data_ingestion_gcs_dag, task_id=format_to_parquet_task, execution_date=20221201T000000, start_date=20221202T231204, end_date=20221202T231204
[2022-12-02 23:12:04,853] {local_task_job.py:154} INFO - Task exited with return code 0
[2022-12-02 23:12:04,904] {local_task_job.py:264} INFO - 1 downstream tasks scheduled from follow-on schedule check
