[2022-12-01 22:25:22,954] {taskinstance.py:1032} INFO - Dependencies all met for <TaskInstance: data_ingestion_gcs_dag.download_dataset_task manual__2022-12-01T22:17:30.202180+00:00 [queued]>
[2022-12-01 22:25:23,020] {taskinstance.py:1032} INFO - Dependencies all met for <TaskInstance: data_ingestion_gcs_dag.download_dataset_task manual__2022-12-01T22:17:30.202180+00:00 [queued]>
[2022-12-01 22:25:23,022] {taskinstance.py:1238} INFO - 
--------------------------------------------------------------------------------
[2022-12-01 22:25:23,023] {taskinstance.py:1239} INFO - Starting attempt 1 of 2
[2022-12-01 22:25:23,023] {taskinstance.py:1240} INFO - 
--------------------------------------------------------------------------------
[2022-12-01 22:25:23,079] {taskinstance.py:1259} INFO - Executing <Task(BashOperator): download_dataset_task> on 2022-12-01 22:17:30.202180+00:00
[2022-12-01 22:25:23,106] {standard_task_runner.py:52} INFO - Started process 112 to run task
[2022-12-01 22:25:23,175] {standard_task_runner.py:76} INFO - Running: ['***', 'tasks', 'run', 'data_ingestion_gcs_dag', 'download_dataset_task', 'manual__2022-12-01T22:17:30.202180+00:00', '--job-id', '76', '--raw', '--subdir', 'DAGS_FOLDER/data_ingestion_gcs_dag.py', '--cfg-path', '/tmp/tmp8b3_30sw', '--error-file', '/tmp/tmpe4twlere']
[2022-12-01 22:25:23,178] {standard_task_runner.py:77} INFO - Job 76: Subtask download_dataset_task
[2022-12-01 22:25:23,464] {logging_mixin.py:109} INFO - Running <TaskInstance: data_ingestion_gcs_dag.download_dataset_task manual__2022-12-01T22:17:30.202180+00:00 [running]> on host 636d1877d792
[2022-12-01 22:25:23,759] {taskinstance.py:1426} INFO - Exporting the following env vars:
AIRFLOW_CTX_DAG_OWNER=***
AIRFLOW_CTX_DAG_ID=data_ingestion_gcs_dag
AIRFLOW_CTX_TASK_ID=download_dataset_task
AIRFLOW_CTX_EXECUTION_DATE=2022-12-01T22:17:30.202180+00:00
AIRFLOW_CTX_DAG_RUN_ID=manual__2022-12-01T22:17:30.202180+00:00
[2022-12-01 22:25:23,762] {subprocess.py:62} INFO - Tmp dir root location: 
 /tmp
[2022-12-01 22:25:23,768] {subprocess.py:74} INFO - Running command: ['bash', '-c', 'curl -sSL https://d37ci6vzurychx.cloudfront.net/misc/taxi+_zone_lookup.csv > /opt/***/taxi+_zone_lookup.csv']
[2022-12-01 22:25:23,867] {subprocess.py:85} INFO - Output:
[2022-12-01 22:25:24,592] {subprocess.py:93} INFO - Command exited with return code 0
[2022-12-01 22:25:24,731] {taskinstance.py:1277} INFO - Marking task as SUCCESS. dag_id=data_ingestion_gcs_dag, task_id=download_dataset_task, execution_date=20221201T221730, start_date=20221201T222522, end_date=20221201T222524
[2022-12-01 22:25:24,929] {local_task_job.py:154} INFO - Task exited with return code 0
[2022-12-01 22:25:25,109] {local_task_job.py:264} INFO - 1 downstream tasks scheduled from follow-on schedule check
