[2022-12-01 22:37:52,593] {taskinstance.py:1032} INFO - Dependencies all met for <TaskInstance: data_ingestion_gcs_dag.local_to_gcs_task manual__2022-12-01T22:37:40.000634+00:00 [queued]>
[2022-12-01 22:37:52,610] {taskinstance.py:1032} INFO - Dependencies all met for <TaskInstance: data_ingestion_gcs_dag.local_to_gcs_task manual__2022-12-01T22:37:40.000634+00:00 [queued]>
[2022-12-01 22:37:52,611] {taskinstance.py:1238} INFO - 
--------------------------------------------------------------------------------
[2022-12-01 22:37:52,611] {taskinstance.py:1239} INFO - Starting attempt 1 of 2
[2022-12-01 22:37:52,611] {taskinstance.py:1240} INFO - 
--------------------------------------------------------------------------------
[2022-12-01 22:37:52,647] {taskinstance.py:1259} INFO - Executing <Task(PythonOperator): local_to_gcs_task> on 2022-12-01 22:37:40.000634+00:00
[2022-12-01 22:37:52,662] {standard_task_runner.py:52} INFO - Started process 200 to run task
[2022-12-01 22:37:52,679] {standard_task_runner.py:76} INFO - Running: ['***', 'tasks', 'run', 'data_ingestion_gcs_dag', 'local_to_gcs_task', 'manual__2022-12-01T22:37:40.000634+00:00', '--job-id', '92', '--raw', '--subdir', 'DAGS_FOLDER/data_ingestion_gcs_dag.py', '--cfg-path', '/tmp/tmplgh1kdif', '--error-file', '/tmp/tmpi5ujq9lt']
[2022-12-01 22:37:52,691] {standard_task_runner.py:77} INFO - Job 92: Subtask local_to_gcs_task
[2022-12-01 22:37:52,845] {logging_mixin.py:109} INFO - Running <TaskInstance: data_ingestion_gcs_dag.local_to_gcs_task manual__2022-12-01T22:37:40.000634+00:00 [running]> on host 50f7e45c3d13
[2022-12-01 22:37:53,005] {taskinstance.py:1426} INFO - Exporting the following env vars:
AIRFLOW_CTX_DAG_OWNER=***
AIRFLOW_CTX_DAG_ID=data_ingestion_gcs_dag
AIRFLOW_CTX_TASK_ID=local_to_gcs_task
AIRFLOW_CTX_EXECUTION_DATE=2022-12-01T22:37:40.000634+00:00
AIRFLOW_CTX_DAG_RUN_ID=manual__2022-12-01T22:37:40.000634+00:00
[2022-12-01 22:37:53,508] {python.py:175} INFO - Done. Returned value was: None
[2022-12-01 22:37:53,545] {taskinstance.py:1277} INFO - Marking task as SUCCESS. dag_id=data_ingestion_gcs_dag, task_id=local_to_gcs_task, execution_date=20221201T223740, start_date=20221201T223752, end_date=20221201T223753
[2022-12-01 22:37:53,618] {local_task_job.py:154} INFO - Task exited with return code 0
[2022-12-01 22:37:53,707] {local_task_job.py:264} INFO - 1 downstream tasks scheduled from follow-on schedule check
