[2022-12-01 22:31:37,679] {taskinstance.py:1032} INFO - Dependencies all met for <TaskInstance: data_ingestion_gcs_dag.download_dataset_task manual__2022-12-01T22:25:58.258040+00:00 [queued]>
[2022-12-01 22:31:37,691] {taskinstance.py:1032} INFO - Dependencies all met for <TaskInstance: data_ingestion_gcs_dag.download_dataset_task manual__2022-12-01T22:25:58.258040+00:00 [queued]>
[2022-12-01 22:31:37,692] {taskinstance.py:1238} INFO - 
--------------------------------------------------------------------------------
[2022-12-01 22:31:37,692] {taskinstance.py:1239} INFO - Starting attempt 1 of 2
[2022-12-01 22:31:37,692] {taskinstance.py:1240} INFO - 
--------------------------------------------------------------------------------
[2022-12-01 22:31:37,707] {taskinstance.py:1259} INFO - Executing <Task(BashOperator): download_dataset_task> on 2022-12-01 22:25:58.258040+00:00
[2022-12-01 22:31:37,715] {standard_task_runner.py:52} INFO - Started process 384 to run task
[2022-12-01 22:31:37,728] {standard_task_runner.py:76} INFO - Running: ['***', 'tasks', 'run', 'data_ingestion_gcs_dag', 'download_dataset_task', 'manual__2022-12-01T22:25:58.258040+00:00', '--job-id', '82', '--raw', '--subdir', 'DAGS_FOLDER/data_ingestion_gcs_dag.py', '--cfg-path', '/tmp/tmppifr5_sr', '--error-file', '/tmp/tmprqyubxgp']
[2022-12-01 22:31:37,730] {standard_task_runner.py:77} INFO - Job 82: Subtask download_dataset_task
[2022-12-01 22:31:37,800] {logging_mixin.py:109} INFO - Running <TaskInstance: data_ingestion_gcs_dag.download_dataset_task manual__2022-12-01T22:25:58.258040+00:00 [running]> on host 636d1877d792
[2022-12-01 22:31:37,872] {taskinstance.py:1426} INFO - Exporting the following env vars:
AIRFLOW_CTX_DAG_OWNER=***
AIRFLOW_CTX_DAG_ID=data_ingestion_gcs_dag
AIRFLOW_CTX_TASK_ID=download_dataset_task
AIRFLOW_CTX_EXECUTION_DATE=2022-12-01T22:25:58.258040+00:00
AIRFLOW_CTX_DAG_RUN_ID=manual__2022-12-01T22:25:58.258040+00:00
[2022-12-01 22:31:37,874] {subprocess.py:62} INFO - Tmp dir root location: 
 /tmp
[2022-12-01 22:31:37,875] {subprocess.py:74} INFO - Running command: ['bash', '-c', 'curl -sSL https://d37ci6vzurychx.cloudfront.net/misc/taxi+_zone_lookup.csv > /opt/***/taxi+_zone_lookup.csv']
[2022-12-01 22:31:37,891] {subprocess.py:85} INFO - Output:
[2022-12-01 22:31:38,561] {subprocess.py:93} INFO - Command exited with return code 0
[2022-12-01 22:31:38,596] {taskinstance.py:1277} INFO - Marking task as SUCCESS. dag_id=data_ingestion_gcs_dag, task_id=download_dataset_task, execution_date=20221201T222558, start_date=20221201T223137, end_date=20221201T223138
[2022-12-01 22:31:38,630] {local_task_job.py:154} INFO - Task exited with return code 0
[2022-12-01 22:31:38,686] {local_task_job.py:264} INFO - 1 downstream tasks scheduled from follow-on schedule check
