[2022-12-01 22:54:43,650] {taskinstance.py:1032} INFO - Dependencies all met for <TaskInstance: data_ingestion_gcs_dag.format_to_parquet_task manual__2022-12-01T22:54:29.912092+00:00 [queued]>
[2022-12-01 22:54:43,668] {taskinstance.py:1032} INFO - Dependencies all met for <TaskInstance: data_ingestion_gcs_dag.format_to_parquet_task manual__2022-12-01T22:54:29.912092+00:00 [queued]>
[2022-12-01 22:54:43,669] {taskinstance.py:1238} INFO - 
--------------------------------------------------------------------------------
[2022-12-01 22:54:43,669] {taskinstance.py:1239} INFO - Starting attempt 1 of 2
[2022-12-01 22:54:43,669] {taskinstance.py:1240} INFO - 
--------------------------------------------------------------------------------
[2022-12-01 22:54:43,693] {taskinstance.py:1259} INFO - Executing <Task(PythonOperator): format_to_parquet_task> on 2022-12-01 22:54:29.912092+00:00
[2022-12-01 22:54:43,702] {standard_task_runner.py:52} INFO - Started process 872 to run task
[2022-12-01 22:54:43,715] {standard_task_runner.py:76} INFO - Running: ['***', 'tasks', 'run', 'data_ingestion_gcs_dag', 'format_to_parquet_task', 'manual__2022-12-01T22:54:29.912092+00:00', '--job-id', '111', '--raw', '--subdir', 'DAGS_FOLDER/data_ingestion_gcs_dag.py', '--cfg-path', '/tmp/tmpq8bvjmuh', '--error-file', '/tmp/tmp95y4qbjc']
[2022-12-01 22:54:43,717] {standard_task_runner.py:77} INFO - Job 111: Subtask format_to_parquet_task
[2022-12-01 22:54:43,821] {logging_mixin.py:109} INFO - Running <TaskInstance: data_ingestion_gcs_dag.format_to_parquet_task manual__2022-12-01T22:54:29.912092+00:00 [running]> on host 50f7e45c3d13
[2022-12-01 22:54:43,936] {taskinstance.py:1426} INFO - Exporting the following env vars:
AIRFLOW_CTX_DAG_OWNER=***
AIRFLOW_CTX_DAG_ID=data_ingestion_gcs_dag
AIRFLOW_CTX_TASK_ID=format_to_parquet_task
AIRFLOW_CTX_EXECUTION_DATE=2022-12-01T22:54:29.912092+00:00
AIRFLOW_CTX_DAG_RUN_ID=manual__2022-12-01T22:54:29.912092+00:00
[2022-12-01 22:54:44,131] {python.py:175} INFO - Done. Returned value was: None
[2022-12-01 22:54:44,180] {taskinstance.py:1277} INFO - Marking task as SUCCESS. dag_id=data_ingestion_gcs_dag, task_id=format_to_parquet_task, execution_date=20221201T225429, start_date=20221201T225443, end_date=20221201T225444
[2022-12-01 22:54:44,252] {local_task_job.py:154} INFO - Task exited with return code 0
[2022-12-01 22:54:44,442] {local_task_job.py:264} INFO - 1 downstream tasks scheduled from follow-on schedule check
