[2022-12-01 22:54:49,271] {taskinstance.py:1032} INFO - Dependencies all met for <TaskInstance: data_ingestion_gcs_dag.bigquery_external_table_task manual__2022-12-01T22:54:29.912092+00:00 [queued]>
[2022-12-01 22:54:49,290] {taskinstance.py:1032} INFO - Dependencies all met for <TaskInstance: data_ingestion_gcs_dag.bigquery_external_table_task manual__2022-12-01T22:54:29.912092+00:00 [queued]>
[2022-12-01 22:54:49,291] {taskinstance.py:1238} INFO - 
--------------------------------------------------------------------------------
[2022-12-01 22:54:49,291] {taskinstance.py:1239} INFO - Starting attempt 1 of 2
[2022-12-01 22:54:49,291] {taskinstance.py:1240} INFO - 
--------------------------------------------------------------------------------
[2022-12-01 22:54:49,339] {taskinstance.py:1259} INFO - Executing <Task(BigQueryCreateExternalTableOperator): bigquery_external_table_task> on 2022-12-01 22:54:29.912092+00:00
[2022-12-01 22:54:49,354] {standard_task_runner.py:52} INFO - Started process 881 to run task
[2022-12-01 22:54:49,375] {standard_task_runner.py:76} INFO - Running: ['***', 'tasks', 'run', 'data_ingestion_gcs_dag', 'bigquery_external_table_task', 'manual__2022-12-01T22:54:29.912092+00:00', '--job-id', '113', '--raw', '--subdir', 'DAGS_FOLDER/data_ingestion_gcs_dag.py', '--cfg-path', '/tmp/tmp79l_1s0o', '--error-file', '/tmp/tmpqehgkh_p']
[2022-12-01 22:54:49,377] {standard_task_runner.py:77} INFO - Job 113: Subtask bigquery_external_table_task
[2022-12-01 22:54:49,483] {logging_mixin.py:109} INFO - Running <TaskInstance: data_ingestion_gcs_dag.bigquery_external_table_task manual__2022-12-01T22:54:29.912092+00:00 [running]> on host 50f7e45c3d13
[2022-12-01 22:54:49,695] {taskinstance.py:1426} INFO - Exporting the following env vars:
AIRFLOW_CTX_DAG_OWNER=***
AIRFLOW_CTX_DAG_ID=data_ingestion_gcs_dag
AIRFLOW_CTX_TASK_ID=bigquery_external_table_task
AIRFLOW_CTX_EXECUTION_DATE=2022-12-01T22:54:29.912092+00:00
AIRFLOW_CTX_DAG_RUN_ID=manual__2022-12-01T22:54:29.912092+00:00
[2022-12-01 22:54:49,697] {crypto.py:82} WARNING - empty cryptography key - values will not be stored encrypted.
[2022-12-01 22:54:50,303] {taskinstance.py:1277} INFO - Marking task as SUCCESS. dag_id=data_ingestion_gcs_dag, task_id=bigquery_external_table_task, execution_date=20221201T225429, start_date=20221201T225449, end_date=20221201T225450
[2022-12-01 22:54:50,374] {local_task_job.py:154} INFO - Task exited with return code 0
[2022-12-01 22:54:50,447] {local_task_job.py:264} INFO - 0 downstream tasks scheduled from follow-on schedule check
