[2022-12-01 22:50:42,280] {taskinstance.py:1032} INFO - Dependencies all met for <TaskInstance: data_ingestion_gcs_dag.download_dataset_task manual__2022-12-01T22:50:36.947368+00:00 [queued]>
[2022-12-01 22:50:42,326] {taskinstance.py:1032} INFO - Dependencies all met for <TaskInstance: data_ingestion_gcs_dag.download_dataset_task manual__2022-12-01T22:50:36.947368+00:00 [queued]>
[2022-12-01 22:50:42,328] {taskinstance.py:1238} INFO - 
--------------------------------------------------------------------------------
[2022-12-01 22:50:42,329] {taskinstance.py:1239} INFO - Starting attempt 1 of 2
[2022-12-01 22:50:42,329] {taskinstance.py:1240} INFO - 
--------------------------------------------------------------------------------
[2022-12-01 22:50:42,375] {taskinstance.py:1259} INFO - Executing <Task(BashOperator): download_dataset_task> on 2022-12-01 22:50:36.947368+00:00
[2022-12-01 22:50:42,396] {standard_task_runner.py:52} INFO - Started process 688 to run task
[2022-12-01 22:50:42,410] {standard_task_runner.py:76} INFO - Running: ['***', 'tasks', 'run', 'data_ingestion_gcs_dag', 'download_dataset_task', 'manual__2022-12-01T22:50:36.947368+00:00', '--job-id', '102', '--raw', '--subdir', 'DAGS_FOLDER/data_ingestion_gcs_dag.py', '--cfg-path', '/tmp/tmpe3l1vf92', '--error-file', '/tmp/tmpw8ij1qoc']
[2022-12-01 22:50:42,420] {standard_task_runner.py:77} INFO - Job 102: Subtask download_dataset_task
[2022-12-01 22:50:42,581] {logging_mixin.py:109} INFO - Running <TaskInstance: data_ingestion_gcs_dag.download_dataset_task manual__2022-12-01T22:50:36.947368+00:00 [running]> on host 50f7e45c3d13
[2022-12-01 22:50:42,766] {taskinstance.py:1426} INFO - Exporting the following env vars:
AIRFLOW_CTX_DAG_OWNER=***
AIRFLOW_CTX_DAG_ID=data_ingestion_gcs_dag
AIRFLOW_CTX_TASK_ID=download_dataset_task
AIRFLOW_CTX_EXECUTION_DATE=2022-12-01T22:50:36.947368+00:00
AIRFLOW_CTX_DAG_RUN_ID=manual__2022-12-01T22:50:36.947368+00:00
[2022-12-01 22:50:42,776] {subprocess.py:62} INFO - Tmp dir root location: 
 /tmp
[2022-12-01 22:50:42,777] {subprocess.py:74} INFO - Running command: ['bash', '-c', 'curl -sSL https://d37ci6vzurychx.cloudfront.net/misc/taxi+_zone_lookup.csv > /opt/***/taxi+_zone_lookup.csv']
[2022-12-01 22:50:42,823] {subprocess.py:85} INFO - Output:
[2022-12-01 22:50:43,533] {subprocess.py:93} INFO - Command exited with return code 0
[2022-12-01 22:50:43,613] {taskinstance.py:1277} INFO - Marking task as SUCCESS. dag_id=data_ingestion_gcs_dag, task_id=download_dataset_task, execution_date=20221201T225036, start_date=20221201T225042, end_date=20221201T225043
[2022-12-01 22:50:43,681] {local_task_job.py:154} INFO - Task exited with return code 0
[2022-12-01 22:50:43,824] {local_task_job.py:264} INFO - 1 downstream tasks scheduled from follow-on schedule check
