[2022-12-01 14:50:32,481] {taskinstance.py:1032} INFO - Dependencies all met for <TaskInstance: data_ingestion_gcs_dag.format_to_parquet_task scheduled__2022-11-30T00:00:00+00:00 [queued]>
[2022-12-01 14:50:32,500] {taskinstance.py:1032} INFO - Dependencies all met for <TaskInstance: data_ingestion_gcs_dag.format_to_parquet_task scheduled__2022-11-30T00:00:00+00:00 [queued]>
[2022-12-01 14:50:32,500] {taskinstance.py:1238} INFO - 
--------------------------------------------------------------------------------
[2022-12-01 14:50:32,501] {taskinstance.py:1239} INFO - Starting attempt 1 of 2
[2022-12-01 14:50:32,501] {taskinstance.py:1240} INFO - 
--------------------------------------------------------------------------------
[2022-12-01 14:50:32,538] {taskinstance.py:1259} INFO - Executing <Task(PythonOperator): format_to_parquet_task> on 2022-11-30 00:00:00+00:00
[2022-12-01 14:50:32,572] {standard_task_runner.py:76} INFO - Running: ['***', 'tasks', 'run', 'data_ingestion_gcs_dag', 'format_to_parquet_task', 'scheduled__2022-11-30T00:00:00+00:00', '--job-id', '5', '--raw', '--subdir', 'DAGS_FOLDER/data_ingestion_gcs_dag.py', '--cfg-path', '/tmp/tmpd1tq1sgq', '--error-file', '/tmp/tmp_forxo4z']
[2022-12-01 14:50:32,575] {standard_task_runner.py:77} INFO - Job 5: Subtask format_to_parquet_task
[2022-12-01 14:50:32,552] {standard_task_runner.py:52} INFO - Started process 458 to run task
[2022-12-01 14:50:32,686] {logging_mixin.py:109} INFO - Running <TaskInstance: data_ingestion_gcs_dag.format_to_parquet_task scheduled__2022-11-30T00:00:00+00:00 [running]> on host 09c0add5a9ae
[2022-12-01 14:50:32,848] {taskinstance.py:1426} INFO - Exporting the following env vars:
AIRFLOW_CTX_DAG_OWNER=***
AIRFLOW_CTX_DAG_ID=data_ingestion_gcs_dag
AIRFLOW_CTX_TASK_ID=format_to_parquet_task
AIRFLOW_CTX_EXECUTION_DATE=2022-11-30T00:00:00+00:00
AIRFLOW_CTX_DAG_RUN_ID=scheduled__2022-11-30T00:00:00+00:00
[2022-12-01 14:50:32,925] {python.py:175} INFO - Done. Returned value was: None
[2022-12-01 14:50:32,947] {taskinstance.py:1277} INFO - Marking task as SUCCESS. dag_id=data_ingestion_gcs_dag, task_id=format_to_parquet_task, execution_date=20221130T000000, start_date=20221201T145032, end_date=20221201T145032
[2022-12-01 14:50:33,013] {local_task_job.py:154} INFO - Task exited with return code 0
[2022-12-01 14:50:33,080] {local_task_job.py:264} INFO - 1 downstream tasks scheduled from follow-on schedule check
