[2022-09-21 10:29:10,490] {taskinstance.py:1032} INFO - Dependencies all met for <TaskInstance: data_ingestion_gcs_dag.download_dataset_task scheduled__2022-09-20T00:00:00+00:00 [queued]>
[2022-09-21 10:29:10,516] {taskinstance.py:1032} INFO - Dependencies all met for <TaskInstance: data_ingestion_gcs_dag.download_dataset_task scheduled__2022-09-20T00:00:00+00:00 [queued]>
[2022-09-21 10:29:10,517] {taskinstance.py:1238} INFO - 
--------------------------------------------------------------------------------
[2022-09-21 10:29:10,519] {taskinstance.py:1239} INFO - Starting attempt 1 of 2
[2022-09-21 10:29:10,521] {taskinstance.py:1240} INFO - 
--------------------------------------------------------------------------------
[2022-09-21 10:29:10,546] {taskinstance.py:1259} INFO - Executing <Task(BashOperator): download_dataset_task> on 2022-09-20 00:00:00+00:00
[2022-09-21 10:29:10,564] {standard_task_runner.py:52} INFO - Started process 180 to run task
[2022-09-21 10:29:10,587] {standard_task_runner.py:76} INFO - Running: ['***', 'tasks', 'run', 'data_ingestion_gcs_dag', 'download_dataset_task', 'scheduled__2022-09-20T00:00:00+00:00', '--job-id', '3', '--raw', '--subdir', 'DAGS_FOLDER/data_ingestion_gcs_dag.py', '--cfg-path', '/tmp/tmp9f_6na_x', '--error-file', '/tmp/tmp7o2ms6dh']
[2022-09-21 10:29:10,590] {standard_task_runner.py:77} INFO - Job 3: Subtask download_dataset_task
[2022-09-21 10:29:10,708] {logging_mixin.py:109} INFO - Running <TaskInstance: data_ingestion_gcs_dag.download_dataset_task scheduled__2022-09-20T00:00:00+00:00 [running]> on host 70252ce0e1e5
[2022-09-21 10:29:10,808] {taskinstance.py:1426} INFO - Exporting the following env vars:
AIRFLOW_CTX_DAG_OWNER=***
AIRFLOW_CTX_DAG_ID=data_ingestion_gcs_dag
AIRFLOW_CTX_TASK_ID=download_dataset_task
AIRFLOW_CTX_EXECUTION_DATE=2022-09-20T00:00:00+00:00
AIRFLOW_CTX_DAG_RUN_ID=scheduled__2022-09-20T00:00:00+00:00
[2022-09-21 10:29:10,812] {subprocess.py:62} INFO - Tmp dir root location: 
 /tmp
[2022-09-21 10:29:10,816] {subprocess.py:74} INFO - Running command: ['bash', '-c', 'curl -sSL https://s3.amazonaws.com/nyc-tlc/trip+data/yellow_tripdata_2021-01.csv > /opt/***/yellow_tripdata_2021-01.csv']
[2022-09-21 10:29:10,839] {subprocess.py:85} INFO - Output:
[2022-09-21 10:29:12,232] {subprocess.py:93} INFO - Command exited with return code 0
[2022-09-21 10:29:12,325] {taskinstance.py:1277} INFO - Marking task as SUCCESS. dag_id=data_ingestion_gcs_dag, task_id=download_dataset_task, execution_date=20220920T000000, start_date=20220921T102910, end_date=20220921T102912
[2022-09-21 10:29:12,438] {local_task_job.py:154} INFO - Task exited with return code 0
[2022-09-21 10:29:12,632] {local_task_job.py:264} INFO - 1 downstream tasks scheduled from follow-on schedule check
[2022-09-21 11:07:34,594] {taskinstance.py:1032} INFO - Dependencies all met for <TaskInstance: data_ingestion_gcs_dag.download_dataset_task scheduled__2022-09-20T00:00:00+00:00 [queued]>
[2022-09-21 11:07:34,613] {taskinstance.py:1032} INFO - Dependencies all met for <TaskInstance: data_ingestion_gcs_dag.download_dataset_task scheduled__2022-09-20T00:00:00+00:00 [queued]>
[2022-09-21 11:07:34,615] {taskinstance.py:1238} INFO - 
--------------------------------------------------------------------------------
[2022-09-21 11:07:34,617] {taskinstance.py:1239} INFO - Starting attempt 1 of 2
[2022-09-21 11:07:34,618] {taskinstance.py:1240} INFO - 
--------------------------------------------------------------------------------
[2022-09-21 11:07:34,641] {taskinstance.py:1259} INFO - Executing <Task(BashOperator): download_dataset_task> on 2022-09-20 00:00:00+00:00
[2022-09-21 11:07:34,655] {standard_task_runner.py:52} INFO - Started process 94 to run task
[2022-09-21 11:07:34,670] {standard_task_runner.py:76} INFO - Running: ['***', 'tasks', 'run', 'data_ingestion_gcs_dag', 'download_dataset_task', 'scheduled__2022-09-20T00:00:00+00:00', '--job-id', '3', '--raw', '--subdir', 'DAGS_FOLDER/data_ingestion_gcs_dag.py', '--cfg-path', '/tmp/tmphtz4latt', '--error-file', '/tmp/tmpb8qycpym']
[2022-09-21 11:07:34,673] {standard_task_runner.py:77} INFO - Job 3: Subtask download_dataset_task
[2022-09-21 11:07:34,757] {logging_mixin.py:109} INFO - Running <TaskInstance: data_ingestion_gcs_dag.download_dataset_task scheduled__2022-09-20T00:00:00+00:00 [running]> on host 55264224280b
[2022-09-21 11:07:34,826] {taskinstance.py:1426} INFO - Exporting the following env vars:
AIRFLOW_CTX_DAG_OWNER=***
AIRFLOW_CTX_DAG_ID=data_ingestion_gcs_dag
AIRFLOW_CTX_TASK_ID=download_dataset_task
AIRFLOW_CTX_EXECUTION_DATE=2022-09-20T00:00:00+00:00
AIRFLOW_CTX_DAG_RUN_ID=scheduled__2022-09-20T00:00:00+00:00
[2022-09-21 11:07:34,829] {subprocess.py:62} INFO - Tmp dir root location: 
 /tmp
[2022-09-21 11:07:34,831] {subprocess.py:74} INFO - Running command: ['bash', '-c', 'curl -sSL https://s3.amazonaws.com/nyc-tlc/trip+data/yellow_tripdata_2021-01.csv > /opt/***/yellow_tripdata_2021-01.csv']
[2022-09-21 11:07:34,850] {subprocess.py:85} INFO - Output:
[2022-09-21 11:07:39,316] {subprocess.py:93} INFO - Command exited with return code 0
[2022-09-21 11:07:39,360] {taskinstance.py:1277} INFO - Marking task as SUCCESS. dag_id=data_ingestion_gcs_dag, task_id=download_dataset_task, execution_date=20220920T000000, start_date=20220921T110734, end_date=20220921T110739
[2022-09-21 11:07:39,405] {local_task_job.py:154} INFO - Task exited with return code 0
[2022-09-21 11:07:39,453] {local_task_job.py:264} INFO - 1 downstream tasks scheduled from follow-on schedule check
