[2022-09-21 11:55:41,323] {taskinstance.py:1032} INFO - Dependencies all met for <TaskInstance: data_ingestion_gcs_dag.download_dataset_task scheduled__2022-09-20T00:00:00+00:00 [queued]>
[2022-09-21 11:55:41,336] {taskinstance.py:1032} INFO - Dependencies all met for <TaskInstance: data_ingestion_gcs_dag.download_dataset_task scheduled__2022-09-20T00:00:00+00:00 [queued]>
[2022-09-21 11:55:41,337] {taskinstance.py:1238} INFO - 
--------------------------------------------------------------------------------
[2022-09-21 11:55:41,338] {taskinstance.py:1239} INFO - Starting attempt 2 of 3
[2022-09-21 11:55:41,339] {taskinstance.py:1240} INFO - 
--------------------------------------------------------------------------------
[2022-09-21 11:55:41,354] {taskinstance.py:1259} INFO - Executing <Task(BashOperator): download_dataset_task> on 2022-09-20 00:00:00+00:00
[2022-09-21 11:55:41,363] {standard_task_runner.py:52} INFO - Started process 343 to run task
[2022-09-21 11:55:41,368] {standard_task_runner.py:76} INFO - Running: ['***', 'tasks', 'run', 'data_ingestion_gcs_dag', 'download_dataset_task', 'scheduled__2022-09-20T00:00:00+00:00', '--job-id', '9', '--raw', '--subdir', 'DAGS_FOLDER/data_ingestion_gcs_dag.py', '--cfg-path', '/tmp/tmpbwkqaztn', '--error-file', '/tmp/tmpif4j0coj']
[2022-09-21 11:55:41,370] {standard_task_runner.py:77} INFO - Job 9: Subtask download_dataset_task
[2022-09-21 11:55:41,434] {logging_mixin.py:109} INFO - Running <TaskInstance: data_ingestion_gcs_dag.download_dataset_task scheduled__2022-09-20T00:00:00+00:00 [running]> on host f41f79ad7176
[2022-09-21 11:55:41,512] {taskinstance.py:1426} INFO - Exporting the following env vars:
AIRFLOW_CTX_DAG_OWNER=***
AIRFLOW_CTX_DAG_ID=data_ingestion_gcs_dag
AIRFLOW_CTX_TASK_ID=download_dataset_task
AIRFLOW_CTX_EXECUTION_DATE=2022-09-20T00:00:00+00:00
AIRFLOW_CTX_DAG_RUN_ID=scheduled__2022-09-20T00:00:00+00:00
[2022-09-21 11:55:41,517] {subprocess.py:62} INFO - Tmp dir root location: 
 /tmp
[2022-09-21 11:55:41,519] {subprocess.py:74} INFO - Running command: ['bash', '-c', 'curl -sSL https://s3.amazonaws.com/nyc-tlc/trip+data/yellow_tripdata_2021-01.csv > /opt/***//yellow_tripdata_2021-01.csv']
[2022-09-21 11:55:41,536] {subprocess.py:85} INFO - Output:
[2022-09-21 11:55:46,084] {subprocess.py:93} INFO - Command exited with return code 0
[2022-09-21 11:55:46,112] {taskinstance.py:1277} INFO - Marking task as SUCCESS. dag_id=data_ingestion_gcs_dag, task_id=download_dataset_task, execution_date=20220920T000000, start_date=20220921T115541, end_date=20220921T115546
[2022-09-21 11:55:46,183] {local_task_job.py:154} INFO - Task exited with return code 0
[2022-09-21 11:55:46,238] {local_task_job.py:264} INFO - 1 downstream tasks scheduled from follow-on schedule check
