[2022-12-03 02:55:53,508] {taskinstance.py:1032} INFO - Dependencies all met for <TaskInstance: data_ingestion_gcs_dag.save_as_csv manual__2022-12-03T02:55:46.155429+00:00 [queued]>
[2022-12-03 02:55:53,544] {taskinstance.py:1032} INFO - Dependencies all met for <TaskInstance: data_ingestion_gcs_dag.save_as_csv manual__2022-12-03T02:55:46.155429+00:00 [queued]>
[2022-12-03 02:55:53,544] {taskinstance.py:1238} INFO - 
--------------------------------------------------------------------------------
[2022-12-03 02:55:53,546] {taskinstance.py:1239} INFO - Starting attempt 1 of 2
[2022-12-03 02:55:53,547] {taskinstance.py:1240} INFO - 
--------------------------------------------------------------------------------
[2022-12-03 02:55:53,585] {taskinstance.py:1259} INFO - Executing <Task(PythonOperator): save_as_csv> on 2022-12-03 02:55:46.155429+00:00
[2022-12-03 02:55:53,604] {standard_task_runner.py:52} INFO - Started process 134 to run task
[2022-12-03 02:55:53,624] {standard_task_runner.py:76} INFO - Running: ['***', 'tasks', 'run', 'data_ingestion_gcs_dag', 'save_as_csv', 'manual__2022-12-03T02:55:46.155429+00:00', '--job-id', '58', '--raw', '--subdir', 'DAGS_FOLDER/data_ingestion_gcs_dag.py', '--cfg-path', '/tmp/tmp11ef27y4', '--error-file', '/tmp/tmptb7ou7w6']
[2022-12-03 02:55:53,625] {standard_task_runner.py:77} INFO - Job 58: Subtask save_as_csv
[2022-12-03 02:55:53,844] {logging_mixin.py:109} INFO - Running <TaskInstance: data_ingestion_gcs_dag.save_as_csv manual__2022-12-03T02:55:46.155429+00:00 [running]> on host c87e816ea86f
[2022-12-03 02:55:54,063] {taskinstance.py:1426} INFO - Exporting the following env vars:
AIRFLOW_CTX_DAG_OWNER=***
AIRFLOW_CTX_DAG_ID=data_ingestion_gcs_dag
AIRFLOW_CTX_TASK_ID=save_as_csv
AIRFLOW_CTX_EXECUTION_DATE=2022-12-03T02:55:46.155429+00:00
AIRFLOW_CTX_DAG_RUN_ID=manual__2022-12-03T02:55:46.155429+00:00
[2022-12-03 02:55:54,091] {python.py:175} INFO - Done. Returned value was: None
[2022-12-03 02:55:54,118] {taskinstance.py:1277} INFO - Marking task as SUCCESS. dag_id=data_ingestion_gcs_dag, task_id=save_as_csv, execution_date=20221203T025546, start_date=20221203T025553, end_date=20221203T025554
[2022-12-03 02:55:54,159] {local_task_job.py:154} INFO - Task exited with return code 0
[2022-12-03 02:55:54,238] {local_task_job.py:264} INFO - 1 downstream tasks scheduled from follow-on schedule check
