[2022-09-21 10:29:17,364] {taskinstance.py:1032} INFO - Dependencies all met for <TaskInstance: data_ingestion_gcs_dag.format_to_parquet_task scheduled__2022-09-20T00:00:00+00:00 [queued]>
[2022-09-21 10:29:17,387] {taskinstance.py:1032} INFO - Dependencies all met for <TaskInstance: data_ingestion_gcs_dag.format_to_parquet_task scheduled__2022-09-20T00:00:00+00:00 [queued]>
[2022-09-21 10:29:17,389] {taskinstance.py:1238} INFO - 
--------------------------------------------------------------------------------
[2022-09-21 10:29:17,391] {taskinstance.py:1239} INFO - Starting attempt 1 of 2
[2022-09-21 10:29:17,394] {taskinstance.py:1240} INFO - 
--------------------------------------------------------------------------------
[2022-09-21 10:29:17,463] {taskinstance.py:1259} INFO - Executing <Task(PythonOperator): format_to_parquet_task> on 2022-09-20 00:00:00+00:00
[2022-09-21 10:29:17,494] {standard_task_runner.py:52} INFO - Started process 198 to run task
[2022-09-21 10:29:17,500] {standard_task_runner.py:76} INFO - Running: ['***', 'tasks', 'run', 'data_ingestion_gcs_dag', 'format_to_parquet_task', 'scheduled__2022-09-20T00:00:00+00:00', '--job-id', '4', '--raw', '--subdir', 'DAGS_FOLDER/data_ingestion_gcs_dag.py', '--cfg-path', '/tmp/tmp_ri71bhq', '--error-file', '/tmp/tmpeksix784']
[2022-09-21 10:29:17,504] {standard_task_runner.py:77} INFO - Job 4: Subtask format_to_parquet_task
[2022-09-21 10:29:17,656] {logging_mixin.py:109} INFO - Running <TaskInstance: data_ingestion_gcs_dag.format_to_parquet_task scheduled__2022-09-20T00:00:00+00:00 [running]> on host 70252ce0e1e5
[2022-09-21 10:29:17,882] {taskinstance.py:1426} INFO - Exporting the following env vars:
AIRFLOW_CTX_DAG_OWNER=***
AIRFLOW_CTX_DAG_ID=data_ingestion_gcs_dag
AIRFLOW_CTX_TASK_ID=format_to_parquet_task
AIRFLOW_CTX_EXECUTION_DATE=2022-09-20T00:00:00+00:00
AIRFLOW_CTX_DAG_RUN_ID=scheduled__2022-09-20T00:00:00+00:00
[2022-09-21 10:29:18,234] {python.py:175} INFO - Done. Returned value was: None
[2022-09-21 10:29:18,271] {taskinstance.py:1277} INFO - Marking task as SUCCESS. dag_id=data_ingestion_gcs_dag, task_id=format_to_parquet_task, execution_date=20220920T000000, start_date=20220921T102917, end_date=20220921T102918
[2022-09-21 10:29:18,328] {local_task_job.py:154} INFO - Task exited with return code 0
[2022-09-21 10:29:18,493] {local_task_job.py:264} INFO - 0 downstream tasks scheduled from follow-on schedule check
[2022-09-21 11:07:41,112] {taskinstance.py:1032} INFO - Dependencies all met for <TaskInstance: data_ingestion_gcs_dag.format_to_parquet_task scheduled__2022-09-20T00:00:00+00:00 [queued]>
[2022-09-21 11:07:41,123] {taskinstance.py:1032} INFO - Dependencies all met for <TaskInstance: data_ingestion_gcs_dag.format_to_parquet_task scheduled__2022-09-20T00:00:00+00:00 [queued]>
[2022-09-21 11:07:41,124] {taskinstance.py:1238} INFO - 
--------------------------------------------------------------------------------
[2022-09-21 11:07:41,125] {taskinstance.py:1239} INFO - Starting attempt 1 of 2
[2022-09-21 11:07:41,125] {taskinstance.py:1240} INFO - 
--------------------------------------------------------------------------------
[2022-09-21 11:07:41,136] {taskinstance.py:1259} INFO - Executing <Task(PythonOperator): format_to_parquet_task> on 2022-09-20 00:00:00+00:00
[2022-09-21 11:07:41,142] {standard_task_runner.py:52} INFO - Started process 100 to run task
[2022-09-21 11:07:41,146] {standard_task_runner.py:76} INFO - Running: ['***', 'tasks', 'run', 'data_ingestion_gcs_dag', 'format_to_parquet_task', 'scheduled__2022-09-20T00:00:00+00:00', '--job-id', '4', '--raw', '--subdir', 'DAGS_FOLDER/data_ingestion_gcs_dag.py', '--cfg-path', '/tmp/tmpsxqsqy2z', '--error-file', '/tmp/tmpc97ba3mv']
[2022-09-21 11:07:41,148] {standard_task_runner.py:77} INFO - Job 4: Subtask format_to_parquet_task
[2022-09-21 11:07:41,201] {logging_mixin.py:109} INFO - Running <TaskInstance: data_ingestion_gcs_dag.format_to_parquet_task scheduled__2022-09-20T00:00:00+00:00 [running]> on host 55264224280b
[2022-09-21 11:07:41,250] {taskinstance.py:1426} INFO - Exporting the following env vars:
AIRFLOW_CTX_DAG_OWNER=***
AIRFLOW_CTX_DAG_ID=data_ingestion_gcs_dag
AIRFLOW_CTX_TASK_ID=format_to_parquet_task
AIRFLOW_CTX_EXECUTION_DATE=2022-09-20T00:00:00+00:00
AIRFLOW_CTX_DAG_RUN_ID=scheduled__2022-09-20T00:00:00+00:00
[2022-09-21 11:07:41,363] {python.py:175} INFO - Done. Returned value was: None
[2022-09-21 11:07:41,376] {taskinstance.py:1277} INFO - Marking task as SUCCESS. dag_id=data_ingestion_gcs_dag, task_id=format_to_parquet_task, execution_date=20220920T000000, start_date=20220921T110741, end_date=20220921T110741
[2022-09-21 11:07:41,400] {local_task_job.py:154} INFO - Task exited with return code 0
[2022-09-21 11:07:41,440] {local_task_job.py:264} INFO - 1 downstream tasks scheduled from follow-on schedule check
