[2022-09-21 11:55:47,474] {taskinstance.py:1032} INFO - Dependencies all met for <TaskInstance: data_ingestion_gcs_dag.format_to_parquet_task scheduled__2022-09-20T00:00:00+00:00 [queued]>
[2022-09-21 11:55:47,490] {taskinstance.py:1032} INFO - Dependencies all met for <TaskInstance: data_ingestion_gcs_dag.format_to_parquet_task scheduled__2022-09-20T00:00:00+00:00 [queued]>
[2022-09-21 11:55:47,491] {taskinstance.py:1238} INFO - 
--------------------------------------------------------------------------------
[2022-09-21 11:55:47,491] {taskinstance.py:1239} INFO - Starting attempt 2 of 3
[2022-09-21 11:55:47,492] {taskinstance.py:1240} INFO - 
--------------------------------------------------------------------------------
[2022-09-21 11:55:47,503] {taskinstance.py:1259} INFO - Executing <Task(PythonOperator): format_to_parquet_task> on 2022-09-20 00:00:00+00:00
[2022-09-21 11:55:47,508] {standard_task_runner.py:52} INFO - Started process 349 to run task
[2022-09-21 11:55:47,512] {standard_task_runner.py:76} INFO - Running: ['***', 'tasks', 'run', 'data_ingestion_gcs_dag', 'format_to_parquet_task', 'scheduled__2022-09-20T00:00:00+00:00', '--job-id', '10', '--raw', '--subdir', 'DAGS_FOLDER/data_ingestion_gcs_dag.py', '--cfg-path', '/tmp/tmphyktg63x', '--error-file', '/tmp/tmpntrqqz0r']
[2022-09-21 11:55:47,515] {standard_task_runner.py:77} INFO - Job 10: Subtask format_to_parquet_task
[2022-09-21 11:55:47,580] {logging_mixin.py:109} INFO - Running <TaskInstance: data_ingestion_gcs_dag.format_to_parquet_task scheduled__2022-09-20T00:00:00+00:00 [running]> on host f41f79ad7176
[2022-09-21 11:55:47,640] {taskinstance.py:1426} INFO - Exporting the following env vars:
AIRFLOW_CTX_DAG_OWNER=***
AIRFLOW_CTX_DAG_ID=data_ingestion_gcs_dag
AIRFLOW_CTX_TASK_ID=format_to_parquet_task
AIRFLOW_CTX_EXECUTION_DATE=2022-09-20T00:00:00+00:00
AIRFLOW_CTX_DAG_RUN_ID=scheduled__2022-09-20T00:00:00+00:00
[2022-09-21 11:55:47,824] {python.py:175} INFO - Done. Returned value was: None
[2022-09-21 11:55:47,848] {taskinstance.py:1277} INFO - Marking task as SUCCESS. dag_id=data_ingestion_gcs_dag, task_id=format_to_parquet_task, execution_date=20220920T000000, start_date=20220921T115547, end_date=20220921T115547
[2022-09-21 11:55:47,887] {local_task_job.py:154} INFO - Task exited with return code 0
[2022-09-21 11:55:47,930] {local_task_job.py:264} INFO - 1 downstream tasks scheduled from follow-on schedule check
