[2022-12-01 14:55:41,656] {taskinstance.py:1032} INFO - Dependencies all met for <TaskInstance: data_ingestion_gcs_dag.download_dataset_task manual__2022-12-01T14:50:53.881995+00:00 [queued]>
[2022-12-01 14:55:41,676] {taskinstance.py:1032} INFO - Dependencies all met for <TaskInstance: data_ingestion_gcs_dag.download_dataset_task manual__2022-12-01T14:50:53.881995+00:00 [queued]>
[2022-12-01 14:55:41,677] {taskinstance.py:1238} INFO - 
--------------------------------------------------------------------------------
[2022-12-01 14:55:41,677] {taskinstance.py:1239} INFO - Starting attempt 1 of 2
[2022-12-01 14:55:41,687] {taskinstance.py:1240} INFO - 
--------------------------------------------------------------------------------
[2022-12-01 14:55:41,736] {taskinstance.py:1259} INFO - Executing <Task(BashOperator): download_dataset_task> on 2022-12-01 14:50:53.881995+00:00
[2022-12-01 14:55:41,748] {standard_task_runner.py:52} INFO - Started process 644 to run task
[2022-12-01 14:55:41,768] {standard_task_runner.py:76} INFO - Running: ['***', 'tasks', 'run', 'data_ingestion_gcs_dag', 'download_dataset_task', 'manual__2022-12-01T14:50:53.881995+00:00', '--job-id', '9', '--raw', '--subdir', 'DAGS_FOLDER/data_ingestion_gcs_dag.py', '--cfg-path', '/tmp/tmpm5eg54cu', '--error-file', '/tmp/tmpyu6kub82']
[2022-12-01 14:55:41,770] {standard_task_runner.py:77} INFO - Job 9: Subtask download_dataset_task
[2022-12-01 14:55:41,936] {logging_mixin.py:109} INFO - Running <TaskInstance: data_ingestion_gcs_dag.download_dataset_task manual__2022-12-01T14:50:53.881995+00:00 [running]> on host 09c0add5a9ae
[2022-12-01 14:55:42,036] {taskinstance.py:1426} INFO - Exporting the following env vars:
AIRFLOW_CTX_DAG_OWNER=***
AIRFLOW_CTX_DAG_ID=data_ingestion_gcs_dag
AIRFLOW_CTX_TASK_ID=download_dataset_task
AIRFLOW_CTX_EXECUTION_DATE=2022-12-01T14:50:53.881995+00:00
AIRFLOW_CTX_DAG_RUN_ID=manual__2022-12-01T14:50:53.881995+00:00
[2022-12-01 14:55:42,041] {subprocess.py:62} INFO - Tmp dir root location: 
 /tmp
[2022-12-01 14:55:42,042] {subprocess.py:74} INFO - Running command: ['bash', '-c', 'curl -sSL https://d37ci6vzurychx.cloudfront.net/misc/taxi+_zone_lookup.csv > /opt/***/taxi+_zone_lookup.csv']
[2022-12-01 14:55:42,070] {subprocess.py:85} INFO - Output:
[2022-12-01 14:55:42,727] {subprocess.py:93} INFO - Command exited with return code 0
[2022-12-01 14:55:42,837] {taskinstance.py:1277} INFO - Marking task as SUCCESS. dag_id=data_ingestion_gcs_dag, task_id=download_dataset_task, execution_date=20221201T145053, start_date=20221201T145541, end_date=20221201T145542
[2022-12-01 14:55:42,908] {local_task_job.py:154} INFO - Task exited with return code 0
[2022-12-01 14:55:42,987] {local_task_job.py:264} INFO - 1 downstream tasks scheduled from follow-on schedule check
