[2022-12-03 02:56:01,522] {taskinstance.py:1032} INFO - Dependencies all met for <TaskInstance: data_ingestion_gcs_dag.bigquery_external_table_task manual__2022-12-03T02:55:46.155429+00:00 [queued]>
[2022-12-03 02:56:01,541] {taskinstance.py:1032} INFO - Dependencies all met for <TaskInstance: data_ingestion_gcs_dag.bigquery_external_table_task manual__2022-12-03T02:55:46.155429+00:00 [queued]>
[2022-12-03 02:56:01,542] {taskinstance.py:1238} INFO - 
--------------------------------------------------------------------------------
[2022-12-03 02:56:01,542] {taskinstance.py:1239} INFO - Starting attempt 1 of 2
[2022-12-03 02:56:01,542] {taskinstance.py:1240} INFO - 
--------------------------------------------------------------------------------
[2022-12-03 02:56:01,567] {taskinstance.py:1259} INFO - Executing <Task(BigQueryCreateExternalTableOperator): bigquery_external_table_task> on 2022-12-03 02:55:46.155429+00:00
[2022-12-03 02:56:01,587] {standard_task_runner.py:52} INFO - Started process 149 to run task
[2022-12-03 02:56:01,587] {standard_task_runner.py:76} INFO - Running: ['***', 'tasks', 'run', 'data_ingestion_gcs_dag', 'bigquery_external_table_task', 'manual__2022-12-03T02:55:46.155429+00:00', '--job-id', '61', '--raw', '--subdir', 'DAGS_FOLDER/data_ingestion_gcs_dag.py', '--cfg-path', '/tmp/tmpge30h18v', '--error-file', '/tmp/tmp8nv3zo16']
[2022-12-03 02:56:01,593] {standard_task_runner.py:77} INFO - Job 61: Subtask bigquery_external_table_task
[2022-12-03 02:56:01,701] {logging_mixin.py:109} INFO - Running <TaskInstance: data_ingestion_gcs_dag.bigquery_external_table_task manual__2022-12-03T02:55:46.155429+00:00 [running]> on host c87e816ea86f
[2022-12-03 02:56:01,833] {taskinstance.py:1426} INFO - Exporting the following env vars:
AIRFLOW_CTX_DAG_OWNER=***
AIRFLOW_CTX_DAG_ID=data_ingestion_gcs_dag
AIRFLOW_CTX_TASK_ID=bigquery_external_table_task
AIRFLOW_CTX_EXECUTION_DATE=2022-12-03T02:55:46.155429+00:00
AIRFLOW_CTX_DAG_RUN_ID=manual__2022-12-03T02:55:46.155429+00:00
[2022-12-03 02:56:01,836] {crypto.py:82} WARNING - empty cryptography key - values will not be stored encrypted.
[2022-12-03 02:56:02,242] {taskinstance.py:1277} INFO - Marking task as SUCCESS. dag_id=data_ingestion_gcs_dag, task_id=bigquery_external_table_task, execution_date=20221203T025546, start_date=20221203T025601, end_date=20221203T025602
[2022-12-03 02:56:02,293] {local_task_job.py:154} INFO - Task exited with return code 0
[2022-12-03 02:56:02,355] {local_task_job.py:264} INFO - 0 downstream tasks scheduled from follow-on schedule check
