[2022-12-01 22:32:19,932] {taskinstance.py:1032} INFO - Dependencies all met for <TaskInstance: data_ingestion_gcs_dag.format_to_parquet_task manual__2022-12-01T22:25:58.411204+00:00 [queued]>
[2022-12-01 22:32:19,963] {taskinstance.py:1032} INFO - Dependencies all met for <TaskInstance: data_ingestion_gcs_dag.format_to_parquet_task manual__2022-12-01T22:25:58.411204+00:00 [queued]>
[2022-12-01 22:32:19,963] {taskinstance.py:1238} INFO - 
--------------------------------------------------------------------------------
[2022-12-01 22:32:19,963] {taskinstance.py:1239} INFO - Starting attempt 1 of 2
[2022-12-01 22:32:19,964] {taskinstance.py:1240} INFO - 
--------------------------------------------------------------------------------
[2022-12-01 22:32:19,989] {taskinstance.py:1259} INFO - Executing <Task(PythonOperator): format_to_parquet_task> on 2022-12-01 22:25:58.411204+00:00
[2022-12-01 22:32:19,998] {standard_task_runner.py:52} INFO - Started process 433 to run task
[2022-12-01 22:32:20,014] {standard_task_runner.py:76} INFO - Running: ['***', 'tasks', 'run', 'data_ingestion_gcs_dag', 'format_to_parquet_task', 'manual__2022-12-01T22:25:58.411204+00:00', '--job-id', '86', '--raw', '--subdir', 'DAGS_FOLDER/data_ingestion_gcs_dag.py', '--cfg-path', '/tmp/tmpfkovo4kz', '--error-file', '/tmp/tmp28g6w_x0']
[2022-12-01 22:32:20,027] {standard_task_runner.py:77} INFO - Job 86: Subtask format_to_parquet_task
[2022-12-01 22:32:20,228] {logging_mixin.py:109} INFO - Running <TaskInstance: data_ingestion_gcs_dag.format_to_parquet_task manual__2022-12-01T22:25:58.411204+00:00 [running]> on host 636d1877d792
[2022-12-01 22:32:20,359] {taskinstance.py:1426} INFO - Exporting the following env vars:
AIRFLOW_CTX_DAG_OWNER=***
AIRFLOW_CTX_DAG_ID=data_ingestion_gcs_dag
AIRFLOW_CTX_TASK_ID=format_to_parquet_task
AIRFLOW_CTX_EXECUTION_DATE=2022-12-01T22:25:58.411204+00:00
AIRFLOW_CTX_DAG_RUN_ID=manual__2022-12-01T22:25:58.411204+00:00
[2022-12-01 22:32:20,611] {python.py:175} INFO - Done. Returned value was: None
[2022-12-01 22:32:20,636] {taskinstance.py:1277} INFO - Marking task as SUCCESS. dag_id=data_ingestion_gcs_dag, task_id=format_to_parquet_task, execution_date=20221201T222558, start_date=20221201T223219, end_date=20221201T223220
[2022-12-01 22:32:20,707] {local_task_job.py:154} INFO - Task exited with return code 0
[2022-12-01 22:32:20,821] {local_task_job.py:264} INFO - 1 downstream tasks scheduled from follow-on schedule check
