[2022-12-02 00:00:15,031] {taskinstance.py:1032} INFO - Dependencies all met for <TaskInstance: data_ingestion_gcs_dag.bigquery_external_table_task scheduled__2022-12-01T00:00:00+00:00 [queued]>
[2022-12-02 00:00:15,045] {taskinstance.py:1032} INFO - Dependencies all met for <TaskInstance: data_ingestion_gcs_dag.bigquery_external_table_task scheduled__2022-12-01T00:00:00+00:00 [queued]>
[2022-12-02 00:00:15,045] {taskinstance.py:1238} INFO - 
--------------------------------------------------------------------------------
[2022-12-02 00:00:15,045] {taskinstance.py:1239} INFO - Starting attempt 1 of 2
[2022-12-02 00:00:15,045] {taskinstance.py:1240} INFO - 
--------------------------------------------------------------------------------
[2022-12-02 00:00:15,060] {taskinstance.py:1259} INFO - Executing <Task(BigQueryCreateExternalTableOperator): bigquery_external_table_task> on 2022-12-01 00:00:00+00:00
[2022-12-02 00:00:15,069] {standard_task_runner.py:52} INFO - Started process 3292 to run task
[2022-12-02 00:00:15,077] {standard_task_runner.py:76} INFO - Running: ['***', 'tasks', 'run', 'data_ingestion_gcs_dag', 'bigquery_external_table_task', 'scheduled__2022-12-01T00:00:00+00:00', '--job-id', '124', '--raw', '--subdir', 'DAGS_FOLDER/data_ingestion_gcs_dag.py', '--cfg-path', '/tmp/tmp7hai8sp3', '--error-file', '/tmp/tmpbx4kt8j0']
[2022-12-02 00:00:15,078] {standard_task_runner.py:77} INFO - Job 124: Subtask bigquery_external_table_task
[2022-12-02 00:00:15,159] {logging_mixin.py:109} INFO - Running <TaskInstance: data_ingestion_gcs_dag.bigquery_external_table_task scheduled__2022-12-01T00:00:00+00:00 [running]> on host 50f7e45c3d13
[2022-12-02 00:00:15,256] {taskinstance.py:1426} INFO - Exporting the following env vars:
AIRFLOW_CTX_DAG_OWNER=***
AIRFLOW_CTX_DAG_ID=data_ingestion_gcs_dag
AIRFLOW_CTX_TASK_ID=bigquery_external_table_task
AIRFLOW_CTX_EXECUTION_DATE=2022-12-01T00:00:00+00:00
AIRFLOW_CTX_DAG_RUN_ID=scheduled__2022-12-01T00:00:00+00:00
[2022-12-02 00:00:15,259] {crypto.py:82} WARNING - empty cryptography key - values will not be stored encrypted.
[2022-12-02 00:00:15,645] {taskinstance.py:1277} INFO - Marking task as SUCCESS. dag_id=data_ingestion_gcs_dag, task_id=bigquery_external_table_task, execution_date=20221201T000000, start_date=20221202T000015, end_date=20221202T000015
[2022-12-02 00:00:15,692] {local_task_job.py:154} INFO - Task exited with return code 0
[2022-12-02 00:00:15,734] {local_task_job.py:264} INFO - 0 downstream tasks scheduled from follow-on schedule check
[2022-12-02 23:12:08,329] {taskinstance.py:1032} INFO - Dependencies all met for <TaskInstance: data_ingestion_gcs_dag.bigquery_external_table_task scheduled__2022-12-01T00:00:00+00:00 [queued]>
[2022-12-02 23:12:08,344] {taskinstance.py:1032} INFO - Dependencies all met for <TaskInstance: data_ingestion_gcs_dag.bigquery_external_table_task scheduled__2022-12-01T00:00:00+00:00 [queued]>
[2022-12-02 23:12:08,344] {taskinstance.py:1238} INFO - 
--------------------------------------------------------------------------------
[2022-12-02 23:12:08,344] {taskinstance.py:1239} INFO - Starting attempt 1 of 2
[2022-12-02 23:12:08,344] {taskinstance.py:1240} INFO - 
--------------------------------------------------------------------------------
[2022-12-02 23:12:08,361] {taskinstance.py:1259} INFO - Executing <Task(BigQueryCreateExternalTableOperator): bigquery_external_table_task> on 2022-12-01 00:00:00+00:00
[2022-12-02 23:12:08,369] {standard_task_runner.py:52} INFO - Started process 160 to run task
[2022-12-02 23:12:08,376] {standard_task_runner.py:76} INFO - Running: ['***', 'tasks', 'run', 'data_ingestion_gcs_dag', 'bigquery_external_table_task', 'scheduled__2022-12-01T00:00:00+00:00', '--job-id', '6', '--raw', '--subdir', 'DAGS_FOLDER/data_ingestion_gcs_dag.py', '--cfg-path', '/tmp/tmp07jxctsp', '--error-file', '/tmp/tmp5cqhx3y7']
[2022-12-02 23:12:08,378] {standard_task_runner.py:77} INFO - Job 6: Subtask bigquery_external_table_task
[2022-12-02 23:12:08,460] {logging_mixin.py:109} INFO - Running <TaskInstance: data_ingestion_gcs_dag.bigquery_external_table_task scheduled__2022-12-01T00:00:00+00:00 [running]> on host c87e816ea86f
[2022-12-02 23:12:08,539] {taskinstance.py:1426} INFO - Exporting the following env vars:
AIRFLOW_CTX_DAG_OWNER=***
AIRFLOW_CTX_DAG_ID=data_ingestion_gcs_dag
AIRFLOW_CTX_TASK_ID=bigquery_external_table_task
AIRFLOW_CTX_EXECUTION_DATE=2022-12-01T00:00:00+00:00
AIRFLOW_CTX_DAG_RUN_ID=scheduled__2022-12-01T00:00:00+00:00
[2022-12-02 23:12:08,541] {crypto.py:82} WARNING - empty cryptography key - values will not be stored encrypted.
[2022-12-02 23:12:08,975] {taskinstance.py:1277} INFO - Marking task as SUCCESS. dag_id=data_ingestion_gcs_dag, task_id=bigquery_external_table_task, execution_date=20221201T000000, start_date=20221202T231208, end_date=20221202T231208
[2022-12-02 23:12:09,037] {local_task_job.py:154} INFO - Task exited with return code 0
[2022-12-02 23:12:09,098] {local_task_job.py:264} INFO - 0 downstream tasks scheduled from follow-on schedule check
