[2022-12-02 00:00:02,317] {taskinstance.py:1032} INFO - Dependencies all met for <TaskInstance: data_ingestion_gcs_dag.download_dataset_task scheduled__2022-12-01T00:00:00+00:00 [queued]>
[2022-12-02 00:00:02,345] {taskinstance.py:1032} INFO - Dependencies all met for <TaskInstance: data_ingestion_gcs_dag.download_dataset_task scheduled__2022-12-01T00:00:00+00:00 [queued]>
[2022-12-02 00:00:02,345] {taskinstance.py:1238} INFO - 
--------------------------------------------------------------------------------
[2022-12-02 00:00:02,345] {taskinstance.py:1239} INFO - Starting attempt 1 of 2
[2022-12-02 00:00:02,346] {taskinstance.py:1240} INFO - 
--------------------------------------------------------------------------------
[2022-12-02 00:00:02,383] {taskinstance.py:1259} INFO - Executing <Task(BashOperator): download_dataset_task> on 2022-12-01 00:00:00+00:00
[2022-12-02 00:00:02,395] {standard_task_runner.py:52} INFO - Started process 3268 to run task
[2022-12-02 00:00:02,415] {standard_task_runner.py:76} INFO - Running: ['***', 'tasks', 'run', 'data_ingestion_gcs_dag', 'download_dataset_task', 'scheduled__2022-12-01T00:00:00+00:00', '--job-id', '121', '--raw', '--subdir', 'DAGS_FOLDER/data_ingestion_gcs_dag.py', '--cfg-path', '/tmp/tmpsp0mz38c', '--error-file', '/tmp/tmpt6mn6efg']
[2022-12-02 00:00:02,420] {standard_task_runner.py:77} INFO - Job 121: Subtask download_dataset_task
[2022-12-02 00:00:02,547] {logging_mixin.py:109} INFO - Running <TaskInstance: data_ingestion_gcs_dag.download_dataset_task scheduled__2022-12-01T00:00:00+00:00 [running]> on host 50f7e45c3d13
[2022-12-02 00:00:02,666] {taskinstance.py:1426} INFO - Exporting the following env vars:
AIRFLOW_CTX_DAG_OWNER=***
AIRFLOW_CTX_DAG_ID=data_ingestion_gcs_dag
AIRFLOW_CTX_TASK_ID=download_dataset_task
AIRFLOW_CTX_EXECUTION_DATE=2022-12-01T00:00:00+00:00
AIRFLOW_CTX_DAG_RUN_ID=scheduled__2022-12-01T00:00:00+00:00
[2022-12-02 00:00:02,668] {subprocess.py:62} INFO - Tmp dir root location: 
 /tmp
[2022-12-02 00:00:02,670] {subprocess.py:74} INFO - Running command: ['bash', '-c', 'curl -sSL https://d37ci6vzurychx.cloudfront.net/misc/taxi+_zone_lookup.csv > /opt/***/taxi+_zone_lookup.csv']
[2022-12-02 00:00:02,697] {subprocess.py:85} INFO - Output:
[2022-12-02 00:00:03,400] {subprocess.py:93} INFO - Command exited with return code 0
[2022-12-02 00:00:03,453] {taskinstance.py:1277} INFO - Marking task as SUCCESS. dag_id=data_ingestion_gcs_dag, task_id=download_dataset_task, execution_date=20221201T000000, start_date=20221202T000002, end_date=20221202T000003
[2022-12-02 00:00:03,522] {local_task_job.py:154} INFO - Task exited with return code 0
[2022-12-02 00:00:03,607] {local_task_job.py:264} INFO - 1 downstream tasks scheduled from follow-on schedule check
[2022-12-02 23:12:00,858] {taskinstance.py:1032} INFO - Dependencies all met for <TaskInstance: data_ingestion_gcs_dag.download_dataset_task scheduled__2022-12-01T00:00:00+00:00 [queued]>
[2022-12-02 23:12:00,879] {taskinstance.py:1032} INFO - Dependencies all met for <TaskInstance: data_ingestion_gcs_dag.download_dataset_task scheduled__2022-12-01T00:00:00+00:00 [queued]>
[2022-12-02 23:12:00,880] {taskinstance.py:1238} INFO - 
--------------------------------------------------------------------------------
[2022-12-02 23:12:00,880] {taskinstance.py:1239} INFO - Starting attempt 1 of 2
[2022-12-02 23:12:00,880] {taskinstance.py:1240} INFO - 
--------------------------------------------------------------------------------
[2022-12-02 23:12:00,905] {taskinstance.py:1259} INFO - Executing <Task(BashOperator): download_dataset_task> on 2022-12-01 00:00:00+00:00
[2022-12-02 23:12:00,915] {standard_task_runner.py:52} INFO - Started process 145 to run task
[2022-12-02 23:12:00,928] {standard_task_runner.py:76} INFO - Running: ['***', 'tasks', 'run', 'data_ingestion_gcs_dag', 'download_dataset_task', 'scheduled__2022-12-01T00:00:00+00:00', '--job-id', '3', '--raw', '--subdir', 'DAGS_FOLDER/data_ingestion_gcs_dag.py', '--cfg-path', '/tmp/tmp0au_e0cl', '--error-file', '/tmp/tmpuxlk63tf']
[2022-12-02 23:12:00,930] {standard_task_runner.py:77} INFO - Job 3: Subtask download_dataset_task
[2022-12-02 23:12:01,089] {logging_mixin.py:109} INFO - Running <TaskInstance: data_ingestion_gcs_dag.download_dataset_task scheduled__2022-12-01T00:00:00+00:00 [running]> on host c87e816ea86f
[2022-12-02 23:12:01,207] {taskinstance.py:1426} INFO - Exporting the following env vars:
AIRFLOW_CTX_DAG_OWNER=***
AIRFLOW_CTX_DAG_ID=data_ingestion_gcs_dag
AIRFLOW_CTX_TASK_ID=download_dataset_task
AIRFLOW_CTX_EXECUTION_DATE=2022-12-01T00:00:00+00:00
AIRFLOW_CTX_DAG_RUN_ID=scheduled__2022-12-01T00:00:00+00:00
[2022-12-02 23:12:01,209] {subprocess.py:62} INFO - Tmp dir root location: 
 /tmp
[2022-12-02 23:12:01,210] {subprocess.py:74} INFO - Running command: ['bash', '-c', 'curl -sSL https://d37ci6vzurychx.cloudfront.net/misc/taxi+_zone_lookup.csv > /opt/***/taxi+_zone_lookup.csv']
[2022-12-02 23:12:01,233] {subprocess.py:85} INFO - Output:
[2022-12-02 23:12:02,364] {subprocess.py:93} INFO - Command exited with return code 0
[2022-12-02 23:12:02,429] {taskinstance.py:1277} INFO - Marking task as SUCCESS. dag_id=data_ingestion_gcs_dag, task_id=download_dataset_task, execution_date=20221201T000000, start_date=20221202T231200, end_date=20221202T231202
[2022-12-02 23:12:02,473] {local_task_job.py:154} INFO - Task exited with return code 0
[2022-12-02 23:12:02,553] {local_task_job.py:264} INFO - 1 downstream tasks scheduled from follow-on schedule check
