[2022-12-02 23:12:13,331] {taskinstance.py:1032} INFO - Dependencies all met for <TaskInstance: data_ingestion_gcs_dag.download_dataset_task manual__2022-12-02T23:11:56.929669+00:00 [queued]>
[2022-12-02 23:12:13,379] {taskinstance.py:1032} INFO - Dependencies all met for <TaskInstance: data_ingestion_gcs_dag.download_dataset_task manual__2022-12-02T23:11:56.929669+00:00 [queued]>
[2022-12-02 23:12:13,387] {taskinstance.py:1238} INFO - 
--------------------------------------------------------------------------------
[2022-12-02 23:12:13,387] {taskinstance.py:1239} INFO - Starting attempt 1 of 2
[2022-12-02 23:12:13,387] {taskinstance.py:1240} INFO - 
--------------------------------------------------------------------------------
[2022-12-02 23:12:13,437] {taskinstance.py:1259} INFO - Executing <Task(BashOperator): download_dataset_task> on 2022-12-02 23:11:56.929669+00:00
[2022-12-02 23:12:13,457] {standard_task_runner.py:52} INFO - Started process 170 to run task
[2022-12-02 23:12:13,533] {standard_task_runner.py:76} INFO - Running: ['***', 'tasks', 'run', 'data_ingestion_gcs_dag', 'download_dataset_task', 'manual__2022-12-02T23:11:56.929669+00:00', '--job-id', '7', '--raw', '--subdir', 'DAGS_FOLDER/data_ingestion_gcs_dag.py', '--cfg-path', '/tmp/tmpzvq_s2uy', '--error-file', '/tmp/tmpev88x1ll']
[2022-12-02 23:12:13,547] {standard_task_runner.py:77} INFO - Job 7: Subtask download_dataset_task
[2022-12-02 23:12:13,866] {logging_mixin.py:109} INFO - Running <TaskInstance: data_ingestion_gcs_dag.download_dataset_task manual__2022-12-02T23:11:56.929669+00:00 [running]> on host c87e816ea86f
[2022-12-02 23:12:14,162] {taskinstance.py:1426} INFO - Exporting the following env vars:
AIRFLOW_CTX_DAG_OWNER=***
AIRFLOW_CTX_DAG_ID=data_ingestion_gcs_dag
AIRFLOW_CTX_TASK_ID=download_dataset_task
AIRFLOW_CTX_EXECUTION_DATE=2022-12-02T23:11:56.929669+00:00
AIRFLOW_CTX_DAG_RUN_ID=manual__2022-12-02T23:11:56.929669+00:00
[2022-12-02 23:12:14,164] {subprocess.py:62} INFO - Tmp dir root location: 
 /tmp
[2022-12-02 23:12:14,168] {subprocess.py:74} INFO - Running command: ['bash', '-c', 'curl -sSL https://d37ci6vzurychx.cloudfront.net/misc/taxi+_zone_lookup.csv > /opt/***/taxi+_zone_lookup.csv']
[2022-12-02 23:12:14,252] {subprocess.py:85} INFO - Output:
[2022-12-02 23:12:14,950] {subprocess.py:93} INFO - Command exited with return code 0
[2022-12-02 23:12:15,058] {taskinstance.py:1277} INFO - Marking task as SUCCESS. dag_id=data_ingestion_gcs_dag, task_id=download_dataset_task, execution_date=20221202T231156, start_date=20221202T231213, end_date=20221202T231215
[2022-12-02 23:12:15,140] {local_task_job.py:154} INFO - Task exited with return code 0
[2022-12-02 23:12:15,309] {local_task_job.py:264} INFO - 1 downstream tasks scheduled from follow-on schedule check
