[2022-12-03 02:44:38,194] {taskinstance.py:1032} INFO - Dependencies all met for <TaskInstance: data_ingestion_gcs_dag.format_to_parquet_task manual__2022-12-03T02:39:24.814374+00:00 [queued]>
[2022-12-03 02:44:38,256] {taskinstance.py:1032} INFO - Dependencies all met for <TaskInstance: data_ingestion_gcs_dag.format_to_parquet_task manual__2022-12-03T02:39:24.814374+00:00 [queued]>
[2022-12-03 02:44:38,256] {taskinstance.py:1238} INFO - 
--------------------------------------------------------------------------------
[2022-12-03 02:44:38,257] {taskinstance.py:1239} INFO - Starting attempt 1 of 2
[2022-12-03 02:44:38,257] {taskinstance.py:1240} INFO - 
--------------------------------------------------------------------------------
[2022-12-03 02:44:38,323] {taskinstance.py:1259} INFO - Executing <Task(PythonOperator): format_to_parquet_task> on 2022-12-03 02:39:24.814374+00:00
[2022-12-03 02:44:38,353] {standard_task_runner.py:52} INFO - Started process 136 to run task
[2022-12-03 02:44:38,400] {standard_task_runner.py:76} INFO - Running: ['***', 'tasks', 'run', 'data_ingestion_gcs_dag', 'format_to_parquet_task', 'manual__2022-12-03T02:39:24.814374+00:00', '--job-id', '51', '--raw', '--subdir', 'DAGS_FOLDER/data_ingestion_gcs_dag.py', '--cfg-path', '/tmp/tmpyeph0i3g', '--error-file', '/tmp/tmp0xqnl_ca']
[2022-12-03 02:44:38,420] {standard_task_runner.py:77} INFO - Job 51: Subtask format_to_parquet_task
[2022-12-03 02:44:38,770] {logging_mixin.py:109} INFO - Running <TaskInstance: data_ingestion_gcs_dag.format_to_parquet_task manual__2022-12-03T02:39:24.814374+00:00 [running]> on host c87e816ea86f
[2022-12-03 02:44:39,154] {taskinstance.py:1426} INFO - Exporting the following env vars:
AIRFLOW_CTX_DAG_OWNER=***
AIRFLOW_CTX_DAG_ID=data_ingestion_gcs_dag
AIRFLOW_CTX_TASK_ID=format_to_parquet_task
AIRFLOW_CTX_EXECUTION_DATE=2022-12-03T02:39:24.814374+00:00
AIRFLOW_CTX_DAG_RUN_ID=manual__2022-12-03T02:39:24.814374+00:00
[2022-12-03 02:44:39,155] {data_ingestion_gcs_dag.py:54} ERROR - Can only accept source files in CSV format, for the moment
[2022-12-03 02:44:39,156] {python.py:175} INFO - Done. Returned value was: None
[2022-12-03 02:44:39,208] {taskinstance.py:1277} INFO - Marking task as SUCCESS. dag_id=data_ingestion_gcs_dag, task_id=format_to_parquet_task, execution_date=20221203T023924, start_date=20221203T024438, end_date=20221203T024439
[2022-12-03 02:44:39,297] {local_task_job.py:154} INFO - Task exited with return code 0
[2022-12-03 02:44:39,453] {local_task_job.py:264} INFO - 1 downstream tasks scheduled from follow-on schedule check
