[2022-12-01 23:00:16,378] {taskinstance.py:1032} INFO - Dependencies all met for <TaskInstance: data_ingestion_gcs_dag.format_to_parquet_task manual__2022-12-01T23:00:12.700667+00:00 [queued]>
[2022-12-01 23:00:16,393] {taskinstance.py:1032} INFO - Dependencies all met for <TaskInstance: data_ingestion_gcs_dag.format_to_parquet_task manual__2022-12-01T23:00:12.700667+00:00 [queued]>
[2022-12-01 23:00:16,394] {taskinstance.py:1238} INFO - 
--------------------------------------------------------------------------------
[2022-12-01 23:00:16,394] {taskinstance.py:1239} INFO - Starting attempt 1 of 2
[2022-12-01 23:00:16,394] {taskinstance.py:1240} INFO - 
--------------------------------------------------------------------------------
[2022-12-01 23:00:16,411] {taskinstance.py:1259} INFO - Executing <Task(PythonOperator): format_to_parquet_task> on 2022-12-01 23:00:12.700667+00:00
[2022-12-01 23:00:16,418] {standard_task_runner.py:52} INFO - Started process 1073 to run task
[2022-12-01 23:00:16,425] {standard_task_runner.py:76} INFO - Running: ['***', 'tasks', 'run', 'data_ingestion_gcs_dag', 'format_to_parquet_task', 'manual__2022-12-01T23:00:12.700667+00:00', '--job-id', '115', '--raw', '--subdir', 'DAGS_FOLDER/data_ingestion_gcs_dag.py', '--cfg-path', '/tmp/tmpgyrhuu3v', '--error-file', '/tmp/tmpgr6d9_xy']
[2022-12-01 23:00:16,426] {standard_task_runner.py:77} INFO - Job 115: Subtask format_to_parquet_task
[2022-12-01 23:00:16,507] {logging_mixin.py:109} INFO - Running <TaskInstance: data_ingestion_gcs_dag.format_to_parquet_task manual__2022-12-01T23:00:12.700667+00:00 [running]> on host 50f7e45c3d13
[2022-12-01 23:00:16,580] {taskinstance.py:1426} INFO - Exporting the following env vars:
AIRFLOW_CTX_DAG_OWNER=***
AIRFLOW_CTX_DAG_ID=data_ingestion_gcs_dag
AIRFLOW_CTX_TASK_ID=format_to_parquet_task
AIRFLOW_CTX_EXECUTION_DATE=2022-12-01T23:00:12.700667+00:00
AIRFLOW_CTX_DAG_RUN_ID=manual__2022-12-01T23:00:12.700667+00:00
[2022-12-01 23:00:16,754] {python.py:175} INFO - Done. Returned value was: None
[2022-12-01 23:00:16,787] {taskinstance.py:1277} INFO - Marking task as SUCCESS. dag_id=data_ingestion_gcs_dag, task_id=format_to_parquet_task, execution_date=20221201T230012, start_date=20221201T230016, end_date=20221201T230016
[2022-12-01 23:00:16,838] {local_task_job.py:154} INFO - Task exited with return code 0
[2022-12-01 23:00:16,891] {local_task_job.py:264} INFO - 1 downstream tasks scheduled from follow-on schedule check
