[2022-12-01 22:44:53,295] {taskinstance.py:1032} INFO - Dependencies all met for <TaskInstance: data_ingestion_gcs_dag.local_to_gcs_task manual__2022-12-01T22:44:46.112027+00:00 [queued]>
[2022-12-01 22:44:53,315] {taskinstance.py:1032} INFO - Dependencies all met for <TaskInstance: data_ingestion_gcs_dag.local_to_gcs_task manual__2022-12-01T22:44:46.112027+00:00 [queued]>
[2022-12-01 22:44:53,316] {taskinstance.py:1238} INFO - 
--------------------------------------------------------------------------------
[2022-12-01 22:44:53,316] {taskinstance.py:1239} INFO - Starting attempt 1 of 2
[2022-12-01 22:44:53,316] {taskinstance.py:1240} INFO - 
--------------------------------------------------------------------------------
[2022-12-01 22:44:53,347] {taskinstance.py:1259} INFO - Executing <Task(PythonOperator): local_to_gcs_task> on 2022-12-01 22:44:46.112027+00:00
[2022-12-01 22:44:53,356] {standard_task_runner.py:52} INFO - Started process 477 to run task
[2022-12-01 22:44:53,370] {standard_task_runner.py:76} INFO - Running: ['***', 'tasks', 'run', 'data_ingestion_gcs_dag', 'local_to_gcs_task', 'manual__2022-12-01T22:44:46.112027+00:00', '--job-id', '100', '--raw', '--subdir', 'DAGS_FOLDER/data_ingestion_gcs_dag.py', '--cfg-path', '/tmp/tmpedd3d_uo', '--error-file', '/tmp/tmpkwwk1cdo']
[2022-12-01 22:44:53,374] {standard_task_runner.py:77} INFO - Job 100: Subtask local_to_gcs_task
[2022-12-01 22:44:53,535] {logging_mixin.py:109} INFO - Running <TaskInstance: data_ingestion_gcs_dag.local_to_gcs_task manual__2022-12-01T22:44:46.112027+00:00 [running]> on host 50f7e45c3d13
[2022-12-01 22:44:53,689] {taskinstance.py:1426} INFO - Exporting the following env vars:
AIRFLOW_CTX_DAG_OWNER=***
AIRFLOW_CTX_DAG_ID=data_ingestion_gcs_dag
AIRFLOW_CTX_TASK_ID=local_to_gcs_task
AIRFLOW_CTX_EXECUTION_DATE=2022-12-01T22:44:46.112027+00:00
AIRFLOW_CTX_DAG_RUN_ID=manual__2022-12-01T22:44:46.112027+00:00
[2022-12-01 22:44:54,289] {python.py:175} INFO - Done. Returned value was: None
[2022-12-01 22:44:54,369] {taskinstance.py:1277} INFO - Marking task as SUCCESS. dag_id=data_ingestion_gcs_dag, task_id=local_to_gcs_task, execution_date=20221201T224446, start_date=20221201T224453, end_date=20221201T224454
[2022-12-01 22:44:54,453] {local_task_job.py:154} INFO - Task exited with return code 0
[2022-12-01 22:44:54,628] {local_task_job.py:264} INFO - 1 downstream tasks scheduled from follow-on schedule check
