[2022-12-01 22:25:27,473] {taskinstance.py:1032} INFO - Dependencies all met for <TaskInstance: data_ingestion_gcs_dag.format_to_parquet_task manual__2022-12-01T22:17:30.202180+00:00 [queued]>
[2022-12-01 22:25:27,487] {taskinstance.py:1032} INFO - Dependencies all met for <TaskInstance: data_ingestion_gcs_dag.format_to_parquet_task manual__2022-12-01T22:17:30.202180+00:00 [queued]>
[2022-12-01 22:25:27,487] {taskinstance.py:1238} INFO - 
--------------------------------------------------------------------------------
[2022-12-01 22:25:27,487] {taskinstance.py:1239} INFO - Starting attempt 1 of 2
[2022-12-01 22:25:27,488] {taskinstance.py:1240} INFO - 
--------------------------------------------------------------------------------
[2022-12-01 22:25:27,507] {taskinstance.py:1259} INFO - Executing <Task(PythonOperator): format_to_parquet_task> on 2022-12-01 22:17:30.202180+00:00
[2022-12-01 22:25:27,516] {standard_task_runner.py:52} INFO - Started process 118 to run task
[2022-12-01 22:25:27,523] {standard_task_runner.py:76} INFO - Running: ['***', 'tasks', 'run', 'data_ingestion_gcs_dag', 'format_to_parquet_task', 'manual__2022-12-01T22:17:30.202180+00:00', '--job-id', '77', '--raw', '--subdir', 'DAGS_FOLDER/data_ingestion_gcs_dag.py', '--cfg-path', '/tmp/tmpx26jhee2', '--error-file', '/tmp/tmpo8n248uy']
[2022-12-01 22:25:27,525] {standard_task_runner.py:77} INFO - Job 77: Subtask format_to_parquet_task
[2022-12-01 22:25:27,594] {logging_mixin.py:109} INFO - Running <TaskInstance: data_ingestion_gcs_dag.format_to_parquet_task manual__2022-12-01T22:17:30.202180+00:00 [running]> on host 636d1877d792
[2022-12-01 22:25:27,663] {taskinstance.py:1426} INFO - Exporting the following env vars:
AIRFLOW_CTX_DAG_OWNER=***
AIRFLOW_CTX_DAG_ID=data_ingestion_gcs_dag
AIRFLOW_CTX_TASK_ID=format_to_parquet_task
AIRFLOW_CTX_EXECUTION_DATE=2022-12-01T22:17:30.202180+00:00
AIRFLOW_CTX_DAG_RUN_ID=manual__2022-12-01T22:17:30.202180+00:00
[2022-12-01 22:25:27,797] {python.py:175} INFO - Done. Returned value was: None
[2022-12-01 22:25:27,811] {taskinstance.py:1277} INFO - Marking task as SUCCESS. dag_id=data_ingestion_gcs_dag, task_id=format_to_parquet_task, execution_date=20221201T221730, start_date=20221201T222527, end_date=20221201T222527
[2022-12-01 22:25:27,858] {local_task_job.py:154} INFO - Task exited with return code 0
[2022-12-01 22:25:27,936] {local_task_job.py:264} INFO - 1 downstream tasks scheduled from follow-on schedule check
