[2022-12-01 22:37:46,945] {taskinstance.py:1032} INFO - Dependencies all met for <TaskInstance: data_ingestion_gcs_dag.format_to_parquet_task manual__2022-12-01T22:37:40.000634+00:00 [queued]>
[2022-12-01 22:37:46,967] {taskinstance.py:1032} INFO - Dependencies all met for <TaskInstance: data_ingestion_gcs_dag.format_to_parquet_task manual__2022-12-01T22:37:40.000634+00:00 [queued]>
[2022-12-01 22:37:46,967] {taskinstance.py:1238} INFO - 
--------------------------------------------------------------------------------
[2022-12-01 22:37:46,967] {taskinstance.py:1239} INFO - Starting attempt 1 of 2
[2022-12-01 22:37:46,967] {taskinstance.py:1240} INFO - 
--------------------------------------------------------------------------------
[2022-12-01 22:37:47,012] {taskinstance.py:1259} INFO - Executing <Task(PythonOperator): format_to_parquet_task> on 2022-12-01 22:37:40.000634+00:00
[2022-12-01 22:37:47,030] {standard_task_runner.py:52} INFO - Started process 186 to run task
[2022-12-01 22:37:47,046] {standard_task_runner.py:76} INFO - Running: ['***', 'tasks', 'run', 'data_ingestion_gcs_dag', 'format_to_parquet_task', 'manual__2022-12-01T22:37:40.000634+00:00', '--job-id', '91', '--raw', '--subdir', 'DAGS_FOLDER/data_ingestion_gcs_dag.py', '--cfg-path', '/tmp/tmpcs5b6m34', '--error-file', '/tmp/tmp4h8fvecy']
[2022-12-01 22:37:47,048] {standard_task_runner.py:77} INFO - Job 91: Subtask format_to_parquet_task
[2022-12-01 22:37:47,147] {logging_mixin.py:109} INFO - Running <TaskInstance: data_ingestion_gcs_dag.format_to_parquet_task manual__2022-12-01T22:37:40.000634+00:00 [running]> on host 50f7e45c3d13
[2022-12-01 22:37:47,338] {taskinstance.py:1426} INFO - Exporting the following env vars:
AIRFLOW_CTX_DAG_OWNER=***
AIRFLOW_CTX_DAG_ID=data_ingestion_gcs_dag
AIRFLOW_CTX_TASK_ID=format_to_parquet_task
AIRFLOW_CTX_EXECUTION_DATE=2022-12-01T22:37:40.000634+00:00
AIRFLOW_CTX_DAG_RUN_ID=manual__2022-12-01T22:37:40.000634+00:00
[2022-12-01 22:37:47,850] {python.py:175} INFO - Done. Returned value was: None
[2022-12-01 22:37:47,877] {taskinstance.py:1277} INFO - Marking task as SUCCESS. dag_id=data_ingestion_gcs_dag, task_id=format_to_parquet_task, execution_date=20221201T223740, start_date=20221201T223746, end_date=20221201T223747
[2022-12-01 22:37:47,975] {local_task_job.py:154} INFO - Task exited with return code 0
[2022-12-01 22:37:48,092] {local_task_job.py:264} INFO - 1 downstream tasks scheduled from follow-on schedule check
