[2022-12-03 02:44:42,288] {taskinstance.py:1032} INFO - Dependencies all met for <TaskInstance: data_ingestion_gcs_dag.local_to_gcs_task manual__2022-12-03T02:39:24.814374+00:00 [queued]>
[2022-12-03 02:44:42,310] {taskinstance.py:1032} INFO - Dependencies all met for <TaskInstance: data_ingestion_gcs_dag.local_to_gcs_task manual__2022-12-03T02:39:24.814374+00:00 [queued]>
[2022-12-03 02:44:42,310] {taskinstance.py:1238} INFO - 
--------------------------------------------------------------------------------
[2022-12-03 02:44:42,310] {taskinstance.py:1239} INFO - Starting attempt 1 of 2
[2022-12-03 02:44:42,311] {taskinstance.py:1240} INFO - 
--------------------------------------------------------------------------------
[2022-12-03 02:44:42,335] {taskinstance.py:1259} INFO - Executing <Task(PythonOperator): local_to_gcs_task> on 2022-12-03 02:39:24.814374+00:00
[2022-12-03 02:44:42,344] {standard_task_runner.py:52} INFO - Started process 139 to run task
[2022-12-03 02:44:42,357] {standard_task_runner.py:76} INFO - Running: ['***', 'tasks', 'run', 'data_ingestion_gcs_dag', 'local_to_gcs_task', 'manual__2022-12-03T02:39:24.814374+00:00', '--job-id', '52', '--raw', '--subdir', 'DAGS_FOLDER/data_ingestion_gcs_dag.py', '--cfg-path', '/tmp/tmpzroeztnx', '--error-file', '/tmp/tmpvll8zc87']
[2022-12-03 02:44:42,359] {standard_task_runner.py:77} INFO - Job 52: Subtask local_to_gcs_task
[2022-12-03 02:44:42,469] {logging_mixin.py:109} INFO - Running <TaskInstance: data_ingestion_gcs_dag.local_to_gcs_task manual__2022-12-03T02:39:24.814374+00:00 [running]> on host c87e816ea86f
[2022-12-03 02:44:42,590] {taskinstance.py:1426} INFO - Exporting the following env vars:
AIRFLOW_CTX_DAG_OWNER=***
AIRFLOW_CTX_DAG_ID=data_ingestion_gcs_dag
AIRFLOW_CTX_TASK_ID=local_to_gcs_task
AIRFLOW_CTX_EXECUTION_DATE=2022-12-03T02:39:24.814374+00:00
AIRFLOW_CTX_DAG_RUN_ID=manual__2022-12-03T02:39:24.814374+00:00
[2022-12-03 02:44:42,761] {python.py:175} INFO - Done. Returned value was: None
[2022-12-03 02:44:42,781] {taskinstance.py:1277} INFO - Marking task as SUCCESS. dag_id=data_ingestion_gcs_dag, task_id=local_to_gcs_task, execution_date=20221203T023924, start_date=20221203T024442, end_date=20221203T024442
[2022-12-03 02:44:42,849] {local_task_job.py:154} INFO - Task exited with return code 0
[2022-12-03 02:44:42,990] {local_task_job.py:264} INFO - 0 downstream tasks scheduled from follow-on schedule check
