[2022-12-01 22:53:30,524] {taskinstance.py:1032} INFO - Dependencies all met for <TaskInstance: data_ingestion_gcs_dag.format_to_parquet_task manual__2022-12-01T22:53:23.610056+00:00 [queued]>
[2022-12-01 22:53:30,574] {taskinstance.py:1032} INFO - Dependencies all met for <TaskInstance: data_ingestion_gcs_dag.format_to_parquet_task manual__2022-12-01T22:53:23.610056+00:00 [queued]>
[2022-12-01 22:53:30,574] {taskinstance.py:1238} INFO - 
--------------------------------------------------------------------------------
[2022-12-01 22:53:30,586] {taskinstance.py:1239} INFO - Starting attempt 1 of 2
[2022-12-01 22:53:30,587] {taskinstance.py:1240} INFO - 
--------------------------------------------------------------------------------
[2022-12-01 22:53:30,642] {taskinstance.py:1259} INFO - Executing <Task(PythonOperator): format_to_parquet_task> on 2022-12-01 22:53:23.610056+00:00
[2022-12-01 22:53:30,666] {standard_task_runner.py:52} INFO - Started process 810 to run task
[2022-12-01 22:53:30,696] {standard_task_runner.py:76} INFO - Running: ['***', 'tasks', 'run', 'data_ingestion_gcs_dag', 'format_to_parquet_task', 'manual__2022-12-01T22:53:23.610056+00:00', '--job-id', '107', '--raw', '--subdir', 'DAGS_FOLDER/data_ingestion_gcs_dag.py', '--cfg-path', '/tmp/tmp4o4crhr9', '--error-file', '/tmp/tmpy89qgj0z']
[2022-12-01 22:53:30,698] {standard_task_runner.py:77} INFO - Job 107: Subtask format_to_parquet_task
[2022-12-01 22:53:31,059] {logging_mixin.py:109} INFO - Running <TaskInstance: data_ingestion_gcs_dag.format_to_parquet_task manual__2022-12-01T22:53:23.610056+00:00 [running]> on host 50f7e45c3d13
[2022-12-01 22:53:31,411] {taskinstance.py:1426} INFO - Exporting the following env vars:
AIRFLOW_CTX_DAG_OWNER=***
AIRFLOW_CTX_DAG_ID=data_ingestion_gcs_dag
AIRFLOW_CTX_TASK_ID=format_to_parquet_task
AIRFLOW_CTX_EXECUTION_DATE=2022-12-01T22:53:23.610056+00:00
AIRFLOW_CTX_DAG_RUN_ID=manual__2022-12-01T22:53:23.610056+00:00
[2022-12-01 22:53:31,965] {python.py:175} INFO - Done. Returned value was: None
[2022-12-01 22:53:31,993] {taskinstance.py:1277} INFO - Marking task as SUCCESS. dag_id=data_ingestion_gcs_dag, task_id=format_to_parquet_task, execution_date=20221201T225323, start_date=20221201T225330, end_date=20221201T225331
[2022-12-01 22:53:32,075] {local_task_job.py:154} INFO - Task exited with return code 0
[2022-12-01 22:53:32,216] {local_task_job.py:264} INFO - 1 downstream tasks scheduled from follow-on schedule check
