[2022-12-01 15:01:05,774] {taskinstance.py:1032} INFO - Dependencies all met for <TaskInstance: data_ingestion_gcs_dag.format_to_parquet_task manual__2022-12-01T14:54:16.611479+00:00 [queued]>
[2022-12-01 15:01:05,836] {taskinstance.py:1032} INFO - Dependencies all met for <TaskInstance: data_ingestion_gcs_dag.format_to_parquet_task manual__2022-12-01T14:54:16.611479+00:00 [queued]>
[2022-12-01 15:01:05,844] {taskinstance.py:1238} INFO - 
--------------------------------------------------------------------------------
[2022-12-01 15:01:05,845] {taskinstance.py:1239} INFO - Starting attempt 1 of 2
[2022-12-01 15:01:05,845] {taskinstance.py:1240} INFO - 
--------------------------------------------------------------------------------
[2022-12-01 15:01:05,885] {taskinstance.py:1259} INFO - Executing <Task(PythonOperator): format_to_parquet_task> on 2022-12-01 14:54:16.611479+00:00
[2022-12-01 15:01:05,905] {standard_task_runner.py:52} INFO - Started process 862 to run task
[2022-12-01 15:01:05,930] {standard_task_runner.py:76} INFO - Running: ['***', 'tasks', 'run', 'data_ingestion_gcs_dag', 'format_to_parquet_task', 'manual__2022-12-01T14:54:16.611479+00:00', '--job-id', '17', '--raw', '--subdir', 'DAGS_FOLDER/data_ingestion_gcs_dag.py', '--cfg-path', '/tmp/tmpyrw6a5ee', '--error-file', '/tmp/tmpnozw6xmw']
[2022-12-01 15:01:05,932] {standard_task_runner.py:77} INFO - Job 17: Subtask format_to_parquet_task
[2022-12-01 15:01:06,180] {logging_mixin.py:109} INFO - Running <TaskInstance: data_ingestion_gcs_dag.format_to_parquet_task manual__2022-12-01T14:54:16.611479+00:00 [running]> on host 09c0add5a9ae
[2022-12-01 15:01:06,383] {taskinstance.py:1426} INFO - Exporting the following env vars:
AIRFLOW_CTX_DAG_OWNER=***
AIRFLOW_CTX_DAG_ID=data_ingestion_gcs_dag
AIRFLOW_CTX_TASK_ID=format_to_parquet_task
AIRFLOW_CTX_EXECUTION_DATE=2022-12-01T14:54:16.611479+00:00
AIRFLOW_CTX_DAG_RUN_ID=manual__2022-12-01T14:54:16.611479+00:00
[2022-12-01 15:01:06,590] {python.py:175} INFO - Done. Returned value was: None
[2022-12-01 15:01:06,611] {taskinstance.py:1277} INFO - Marking task as SUCCESS. dag_id=data_ingestion_gcs_dag, task_id=format_to_parquet_task, execution_date=20221201T145416, start_date=20221201T150105, end_date=20221201T150106
[2022-12-01 15:01:06,675] {local_task_job.py:154} INFO - Task exited with return code 0
[2022-12-01 15:01:06,739] {local_task_job.py:264} INFO - 1 downstream tasks scheduled from follow-on schedule check
