[2022-12-01 22:17:35,612] {taskinstance.py:1032} INFO - Dependencies all met for <TaskInstance: data_ingestion_gcs_dag.format_to_parquet_task manual__2022-12-01T22:17:28.397592+00:00 [queued]>
[2022-12-01 22:17:35,659] {taskinstance.py:1032} INFO - Dependencies all met for <TaskInstance: data_ingestion_gcs_dag.format_to_parquet_task manual__2022-12-01T22:17:28.397592+00:00 [queued]>
[2022-12-01 22:17:35,659] {taskinstance.py:1238} INFO - 
--------------------------------------------------------------------------------
[2022-12-01 22:17:35,659] {taskinstance.py:1239} INFO - Starting attempt 1 of 2
[2022-12-01 22:17:35,659] {taskinstance.py:1240} INFO - 
--------------------------------------------------------------------------------
[2022-12-01 22:17:35,699] {taskinstance.py:1259} INFO - Executing <Task(PythonOperator): format_to_parquet_task> on 2022-12-01 22:17:28.397592+00:00
[2022-12-01 22:17:35,719] {standard_task_runner.py:76} INFO - Running: ['***', 'tasks', 'run', 'data_ingestion_gcs_dag', 'format_to_parquet_task', 'manual__2022-12-01T22:17:28.397592+00:00', '--job-id', '71', '--raw', '--subdir', 'DAGS_FOLDER/data_ingestion_gcs_dag.py', '--cfg-path', '/tmp/tmphp0_8tgz', '--error-file', '/tmp/tmpn33r7140']
[2022-12-01 22:17:35,730] {standard_task_runner.py:77} INFO - Job 71: Subtask format_to_parquet_task
[2022-12-01 22:17:35,708] {standard_task_runner.py:52} INFO - Started process 258 to run task
[2022-12-01 22:17:35,857] {logging_mixin.py:109} INFO - Running <TaskInstance: data_ingestion_gcs_dag.format_to_parquet_task manual__2022-12-01T22:17:28.397592+00:00 [running]> on host 5e757d6ec97e
[2022-12-01 22:17:35,991] {taskinstance.py:1426} INFO - Exporting the following env vars:
AIRFLOW_CTX_DAG_OWNER=***
AIRFLOW_CTX_DAG_ID=data_ingestion_gcs_dag
AIRFLOW_CTX_TASK_ID=format_to_parquet_task
AIRFLOW_CTX_EXECUTION_DATE=2022-12-01T22:17:28.397592+00:00
AIRFLOW_CTX_DAG_RUN_ID=manual__2022-12-01T22:17:28.397592+00:00
[2022-12-01 22:17:36,213] {python.py:175} INFO - Done. Returned value was: None
[2022-12-01 22:17:36,231] {taskinstance.py:1277} INFO - Marking task as SUCCESS. dag_id=data_ingestion_gcs_dag, task_id=format_to_parquet_task, execution_date=20221201T221728, start_date=20221201T221735, end_date=20221201T221736
[2022-12-01 22:17:36,275] {local_task_job.py:154} INFO - Task exited with return code 0
[2022-12-01 22:17:36,353] {local_task_job.py:264} INFO - 1 downstream tasks scheduled from follow-on schedule check
