[2022-12-01 22:44:50,446] {taskinstance.py:1032} INFO - Dependencies all met for <TaskInstance: data_ingestion_gcs_dag.format_to_parquet_task manual__2022-12-01T22:44:46.112027+00:00 [queued]>
[2022-12-01 22:44:50,460] {taskinstance.py:1032} INFO - Dependencies all met for <TaskInstance: data_ingestion_gcs_dag.format_to_parquet_task manual__2022-12-01T22:44:46.112027+00:00 [queued]>
[2022-12-01 22:44:50,460] {taskinstance.py:1238} INFO - 
--------------------------------------------------------------------------------
[2022-12-01 22:44:50,460] {taskinstance.py:1239} INFO - Starting attempt 1 of 2
[2022-12-01 22:44:50,460] {taskinstance.py:1240} INFO - 
--------------------------------------------------------------------------------
[2022-12-01 22:44:50,473] {taskinstance.py:1259} INFO - Executing <Task(PythonOperator): format_to_parquet_task> on 2022-12-01 22:44:46.112027+00:00
[2022-12-01 22:44:50,482] {standard_task_runner.py:52} INFO - Started process 471 to run task
[2022-12-01 22:44:50,490] {standard_task_runner.py:76} INFO - Running: ['***', 'tasks', 'run', 'data_ingestion_gcs_dag', 'format_to_parquet_task', 'manual__2022-12-01T22:44:46.112027+00:00', '--job-id', '99', '--raw', '--subdir', 'DAGS_FOLDER/data_ingestion_gcs_dag.py', '--cfg-path', '/tmp/tmp5wup4ba9', '--error-file', '/tmp/tmp_ugcodlb']
[2022-12-01 22:44:50,492] {standard_task_runner.py:77} INFO - Job 99: Subtask format_to_parquet_task
[2022-12-01 22:44:50,572] {logging_mixin.py:109} INFO - Running <TaskInstance: data_ingestion_gcs_dag.format_to_parquet_task manual__2022-12-01T22:44:46.112027+00:00 [running]> on host 50f7e45c3d13
[2022-12-01 22:44:50,695] {taskinstance.py:1426} INFO - Exporting the following env vars:
AIRFLOW_CTX_DAG_OWNER=***
AIRFLOW_CTX_DAG_ID=data_ingestion_gcs_dag
AIRFLOW_CTX_TASK_ID=format_to_parquet_task
AIRFLOW_CTX_EXECUTION_DATE=2022-12-01T22:44:46.112027+00:00
AIRFLOW_CTX_DAG_RUN_ID=manual__2022-12-01T22:44:46.112027+00:00
[2022-12-01 22:44:50,912] {python.py:175} INFO - Done. Returned value was: None
[2022-12-01 22:44:50,931] {taskinstance.py:1277} INFO - Marking task as SUCCESS. dag_id=data_ingestion_gcs_dag, task_id=format_to_parquet_task, execution_date=20221201T224446, start_date=20221201T224450, end_date=20221201T224450
[2022-12-01 22:44:50,989] {local_task_job.py:154} INFO - Task exited with return code 0
[2022-12-01 22:44:51,075] {local_task_job.py:264} INFO - 1 downstream tasks scheduled from follow-on schedule check
