[2022-12-01 22:54:46,314] {taskinstance.py:1032} INFO - Dependencies all met for <TaskInstance: data_ingestion_gcs_dag.local_to_gcs_task manual__2022-12-01T22:54:29.912092+00:00 [queued]>
[2022-12-01 22:54:46,332] {taskinstance.py:1032} INFO - Dependencies all met for <TaskInstance: data_ingestion_gcs_dag.local_to_gcs_task manual__2022-12-01T22:54:29.912092+00:00 [queued]>
[2022-12-01 22:54:46,332] {taskinstance.py:1238} INFO - 
--------------------------------------------------------------------------------
[2022-12-01 22:54:46,332] {taskinstance.py:1239} INFO - Starting attempt 1 of 2
[2022-12-01 22:54:46,332] {taskinstance.py:1240} INFO - 
--------------------------------------------------------------------------------
[2022-12-01 22:54:46,364] {taskinstance.py:1259} INFO - Executing <Task(PythonOperator): local_to_gcs_task> on 2022-12-01 22:54:29.912092+00:00
[2022-12-01 22:54:46,374] {standard_task_runner.py:52} INFO - Started process 878 to run task
[2022-12-01 22:54:46,387] {standard_task_runner.py:76} INFO - Running: ['***', 'tasks', 'run', 'data_ingestion_gcs_dag', 'local_to_gcs_task', 'manual__2022-12-01T22:54:29.912092+00:00', '--job-id', '112', '--raw', '--subdir', 'DAGS_FOLDER/data_ingestion_gcs_dag.py', '--cfg-path', '/tmp/tmpg8odm_4z', '--error-file', '/tmp/tmpwg6c175t']
[2022-12-01 22:54:46,388] {standard_task_runner.py:77} INFO - Job 112: Subtask local_to_gcs_task
[2022-12-01 22:54:46,489] {logging_mixin.py:109} INFO - Running <TaskInstance: data_ingestion_gcs_dag.local_to_gcs_task manual__2022-12-01T22:54:29.912092+00:00 [running]> on host 50f7e45c3d13
[2022-12-01 22:54:46,593] {taskinstance.py:1426} INFO - Exporting the following env vars:
AIRFLOW_CTX_DAG_OWNER=***
AIRFLOW_CTX_DAG_ID=data_ingestion_gcs_dag
AIRFLOW_CTX_TASK_ID=local_to_gcs_task
AIRFLOW_CTX_EXECUTION_DATE=2022-12-01T22:54:29.912092+00:00
AIRFLOW_CTX_DAG_RUN_ID=manual__2022-12-01T22:54:29.912092+00:00
[2022-12-01 22:54:47,113] {python.py:175} INFO - Done. Returned value was: None
[2022-12-01 22:54:47,133] {taskinstance.py:1277} INFO - Marking task as SUCCESS. dag_id=data_ingestion_gcs_dag, task_id=local_to_gcs_task, execution_date=20221201T225429, start_date=20221201T225446, end_date=20221201T225447
[2022-12-01 22:54:47,209] {local_task_job.py:154} INFO - Task exited with return code 0
[2022-12-01 22:54:47,350] {local_task_job.py:264} INFO - 1 downstream tasks scheduled from follow-on schedule check
