[2022-12-02 00:00:12,995] {taskinstance.py:1032} INFO - Dependencies all met for <TaskInstance: data_ingestion_gcs_dag.local_to_gcs_task scheduled__2022-12-01T00:00:00+00:00 [queued]>
[2022-12-02 00:00:13,015] {taskinstance.py:1032} INFO - Dependencies all met for <TaskInstance: data_ingestion_gcs_dag.local_to_gcs_task scheduled__2022-12-01T00:00:00+00:00 [queued]>
[2022-12-02 00:00:13,016] {taskinstance.py:1238} INFO - 
--------------------------------------------------------------------------------
[2022-12-02 00:00:13,016] {taskinstance.py:1239} INFO - Starting attempt 1 of 2
[2022-12-02 00:00:13,016] {taskinstance.py:1240} INFO - 
--------------------------------------------------------------------------------
[2022-12-02 00:00:13,042] {taskinstance.py:1259} INFO - Executing <Task(PythonOperator): local_to_gcs_task> on 2022-12-01 00:00:00+00:00
[2022-12-02 00:00:13,051] {standard_task_runner.py:52} INFO - Started process 3289 to run task
[2022-12-02 00:00:13,064] {standard_task_runner.py:76} INFO - Running: ['***', 'tasks', 'run', 'data_ingestion_gcs_dag', 'local_to_gcs_task', 'scheduled__2022-12-01T00:00:00+00:00', '--job-id', '123', '--raw', '--subdir', 'DAGS_FOLDER/data_ingestion_gcs_dag.py', '--cfg-path', '/tmp/tmpqj0genhe', '--error-file', '/tmp/tmp97_mvuyw']
[2022-12-02 00:00:13,066] {standard_task_runner.py:77} INFO - Job 123: Subtask local_to_gcs_task
[2022-12-02 00:00:13,167] {logging_mixin.py:109} INFO - Running <TaskInstance: data_ingestion_gcs_dag.local_to_gcs_task scheduled__2022-12-01T00:00:00+00:00 [running]> on host 50f7e45c3d13
[2022-12-02 00:00:13,276] {taskinstance.py:1426} INFO - Exporting the following env vars:
AIRFLOW_CTX_DAG_OWNER=***
AIRFLOW_CTX_DAG_ID=data_ingestion_gcs_dag
AIRFLOW_CTX_TASK_ID=local_to_gcs_task
AIRFLOW_CTX_EXECUTION_DATE=2022-12-01T00:00:00+00:00
AIRFLOW_CTX_DAG_RUN_ID=scheduled__2022-12-01T00:00:00+00:00
[2022-12-02 00:00:13,447] {python.py:175} INFO - Done. Returned value was: None
[2022-12-02 00:00:13,471] {taskinstance.py:1277} INFO - Marking task as SUCCESS. dag_id=data_ingestion_gcs_dag, task_id=local_to_gcs_task, execution_date=20221201T000000, start_date=20221202T000012, end_date=20221202T000013
[2022-12-02 00:00:13,519] {local_task_job.py:154} INFO - Task exited with return code 0
[2022-12-02 00:00:13,587] {local_task_job.py:264} INFO - 1 downstream tasks scheduled from follow-on schedule check
[2022-12-02 23:12:06,612] {taskinstance.py:1032} INFO - Dependencies all met for <TaskInstance: data_ingestion_gcs_dag.local_to_gcs_task scheduled__2022-12-01T00:00:00+00:00 [queued]>
[2022-12-02 23:12:06,628] {taskinstance.py:1032} INFO - Dependencies all met for <TaskInstance: data_ingestion_gcs_dag.local_to_gcs_task scheduled__2022-12-01T00:00:00+00:00 [queued]>
[2022-12-02 23:12:06,628] {taskinstance.py:1238} INFO - 
--------------------------------------------------------------------------------
[2022-12-02 23:12:06,628] {taskinstance.py:1239} INFO - Starting attempt 1 of 2
[2022-12-02 23:12:06,628] {taskinstance.py:1240} INFO - 
--------------------------------------------------------------------------------
[2022-12-02 23:12:06,644] {taskinstance.py:1259} INFO - Executing <Task(PythonOperator): local_to_gcs_task> on 2022-12-01 00:00:00+00:00
[2022-12-02 23:12:06,653] {standard_task_runner.py:52} INFO - Started process 157 to run task
[2022-12-02 23:12:06,660] {standard_task_runner.py:76} INFO - Running: ['***', 'tasks', 'run', 'data_ingestion_gcs_dag', 'local_to_gcs_task', 'scheduled__2022-12-01T00:00:00+00:00', '--job-id', '5', '--raw', '--subdir', 'DAGS_FOLDER/data_ingestion_gcs_dag.py', '--cfg-path', '/tmp/tmprzfniro4', '--error-file', '/tmp/tmp9b23_a6w']
[2022-12-02 23:12:06,661] {standard_task_runner.py:77} INFO - Job 5: Subtask local_to_gcs_task
[2022-12-02 23:12:06,746] {logging_mixin.py:109} INFO - Running <TaskInstance: data_ingestion_gcs_dag.local_to_gcs_task scheduled__2022-12-01T00:00:00+00:00 [running]> on host c87e816ea86f
[2022-12-02 23:12:06,821] {taskinstance.py:1426} INFO - Exporting the following env vars:
AIRFLOW_CTX_DAG_OWNER=***
AIRFLOW_CTX_DAG_ID=data_ingestion_gcs_dag
AIRFLOW_CTX_TASK_ID=local_to_gcs_task
AIRFLOW_CTX_EXECUTION_DATE=2022-12-01T00:00:00+00:00
AIRFLOW_CTX_DAG_RUN_ID=scheduled__2022-12-01T00:00:00+00:00
[2022-12-02 23:12:06,997] {python.py:175} INFO - Done. Returned value was: None
[2022-12-02 23:12:07,013] {taskinstance.py:1277} INFO - Marking task as SUCCESS. dag_id=data_ingestion_gcs_dag, task_id=local_to_gcs_task, execution_date=20221201T000000, start_date=20221202T231206, end_date=20221202T231207
[2022-12-02 23:12:07,073] {local_task_job.py:154} INFO - Task exited with return code 0
[2022-12-02 23:12:07,117] {local_task_job.py:264} INFO - 1 downstream tasks scheduled from follow-on schedule check
