[2022-12-01 21:42:06,855] {taskinstance.py:1032} INFO - Dependencies all met for <TaskInstance: data_ingestion_gcs_dag.download_dataset_task manual__2022-12-01T21:42:03.639927+00:00 [queued]>
[2022-12-01 21:42:06,873] {taskinstance.py:1032} INFO - Dependencies all met for <TaskInstance: data_ingestion_gcs_dag.download_dataset_task manual__2022-12-01T21:42:03.639927+00:00 [queued]>
[2022-12-01 21:42:06,873] {taskinstance.py:1238} INFO - 
--------------------------------------------------------------------------------
[2022-12-01 21:42:06,873] {taskinstance.py:1239} INFO - Starting attempt 1 of 2
[2022-12-01 21:42:06,874] {taskinstance.py:1240} INFO - 
--------------------------------------------------------------------------------
[2022-12-01 21:42:06,896] {taskinstance.py:1259} INFO - Executing <Task(BashOperator): download_dataset_task> on 2022-12-01 21:42:03.639927+00:00
[2022-12-01 21:42:06,904] {standard_task_runner.py:52} INFO - Started process 15235 to run task
[2022-12-01 21:42:06,917] {standard_task_runner.py:76} INFO - Running: ['***', 'tasks', 'run', 'data_ingestion_gcs_dag', 'download_dataset_task', 'manual__2022-12-01T21:42:03.639927+00:00', '--job-id', '26', '--raw', '--subdir', 'DAGS_FOLDER/data_ingestion_gcs_dag.py', '--cfg-path', '/tmp/tmpwb_okgqy', '--error-file', '/tmp/tmpw2jc9o5j']
[2022-12-01 21:42:06,919] {standard_task_runner.py:77} INFO - Job 26: Subtask download_dataset_task
[2022-12-01 21:42:07,014] {logging_mixin.py:109} INFO - Running <TaskInstance: data_ingestion_gcs_dag.download_dataset_task manual__2022-12-01T21:42:03.639927+00:00 [running]> on host d79dc8f5791f
[2022-12-01 21:42:07,118] {taskinstance.py:1426} INFO - Exporting the following env vars:
AIRFLOW_CTX_DAG_OWNER=***
AIRFLOW_CTX_DAG_ID=data_ingestion_gcs_dag
AIRFLOW_CTX_TASK_ID=download_dataset_task
AIRFLOW_CTX_EXECUTION_DATE=2022-12-01T21:42:03.639927+00:00
AIRFLOW_CTX_DAG_RUN_ID=manual__2022-12-01T21:42:03.639927+00:00
[2022-12-01 21:42:07,120] {subprocess.py:62} INFO - Tmp dir root location: 
 /tmp
[2022-12-01 21:42:07,121] {subprocess.py:74} INFO - Running command: ['bash', '-c', 'curl -sSL https://d37ci6vzurychx.cloudfront.net/misc/taxi+_zone_lookup.csv > /opt/***/taxi+_zone_lookup.csv']
[2022-12-01 21:42:07,142] {subprocess.py:85} INFO - Output:
[2022-12-01 21:42:07,938] {subprocess.py:93} INFO - Command exited with return code 0
[2022-12-01 21:42:08,030] {taskinstance.py:1277} INFO - Marking task as SUCCESS. dag_id=data_ingestion_gcs_dag, task_id=download_dataset_task, execution_date=20221201T214203, start_date=20221201T214206, end_date=20221201T214208
[2022-12-01 21:42:08,140] {local_task_job.py:154} INFO - Task exited with return code 0
[2022-12-01 21:42:08,227] {local_task_job.py:264} INFO - 1 downstream tasks scheduled from follow-on schedule check
