[2022-12-01 14:50:28,477] {taskinstance.py:1032} INFO - Dependencies all met for <TaskInstance: data_ingestion_gcs_dag.download_dataset_task scheduled__2022-11-30T00:00:00+00:00 [queued]>
[2022-12-01 14:50:28,500] {taskinstance.py:1032} INFO - Dependencies all met for <TaskInstance: data_ingestion_gcs_dag.download_dataset_task scheduled__2022-11-30T00:00:00+00:00 [queued]>
[2022-12-01 14:50:28,502] {taskinstance.py:1238} INFO - 
--------------------------------------------------------------------------------
[2022-12-01 14:50:28,502] {taskinstance.py:1239} INFO - Starting attempt 1 of 2
[2022-12-01 14:50:28,502] {taskinstance.py:1240} INFO - 
--------------------------------------------------------------------------------
[2022-12-01 14:50:28,523] {taskinstance.py:1259} INFO - Executing <Task(BashOperator): download_dataset_task> on 2022-11-30 00:00:00+00:00
[2022-12-01 14:50:28,534] {standard_task_runner.py:52} INFO - Started process 452 to run task
[2022-12-01 14:50:28,548] {standard_task_runner.py:76} INFO - Running: ['***', 'tasks', 'run', 'data_ingestion_gcs_dag', 'download_dataset_task', 'scheduled__2022-11-30T00:00:00+00:00', '--job-id', '3', '--raw', '--subdir', 'DAGS_FOLDER/data_ingestion_gcs_dag.py', '--cfg-path', '/tmp/tmpfzmdyasy', '--error-file', '/tmp/tmp032wlvmy']
[2022-12-01 14:50:28,550] {standard_task_runner.py:77} INFO - Job 3: Subtask download_dataset_task
[2022-12-01 14:50:28,645] {logging_mixin.py:109} INFO - Running <TaskInstance: data_ingestion_gcs_dag.download_dataset_task scheduled__2022-11-30T00:00:00+00:00 [running]> on host 09c0add5a9ae
[2022-12-01 14:50:28,851] {taskinstance.py:1426} INFO - Exporting the following env vars:
AIRFLOW_CTX_DAG_OWNER=***
AIRFLOW_CTX_DAG_ID=data_ingestion_gcs_dag
AIRFLOW_CTX_TASK_ID=download_dataset_task
AIRFLOW_CTX_EXECUTION_DATE=2022-11-30T00:00:00+00:00
AIRFLOW_CTX_DAG_RUN_ID=scheduled__2022-11-30T00:00:00+00:00
[2022-12-01 14:50:28,855] {subprocess.py:62} INFO - Tmp dir root location: 
 /tmp
[2022-12-01 14:50:28,857] {subprocess.py:74} INFO - Running command: ['bash', '-c', 'curl -sSL https://d37ci6vzurychx.cloudfront.net/misc/taxi+_zone_lookup.csv > /opt/***/taxi+_zone_lookup.csv']
[2022-12-01 14:50:28,885] {subprocess.py:85} INFO - Output:
[2022-12-01 14:50:30,064] {subprocess.py:93} INFO - Command exited with return code 0
[2022-12-01 14:50:30,115] {taskinstance.py:1277} INFO - Marking task as SUCCESS. dag_id=data_ingestion_gcs_dag, task_id=download_dataset_task, execution_date=20221130T000000, start_date=20221201T145028, end_date=20221201T145030
[2022-12-01 14:50:30,167] {local_task_job.py:154} INFO - Task exited with return code 0
[2022-12-01 14:50:30,219] {local_task_job.py:264} INFO - 1 downstream tasks scheduled from follow-on schedule check
